<?xml version="1.0"?><coverage lines-covered="2502" lines-valid="2964" line-rate="0.8441295546558705" branches-covered="0" branches-valid="0" branch-rate="0" complexity="0" version="1.9" timestamp="1759730125"><sources><source>/Users/teo/Desktop/Symmetrica</source></sources><packages><package name="crates/simplify/src" line-rate="0.9385474860335196" branch-rate="0" complexity="0"><classes><class name="lib" filename="crates/simplify/src/lib.rs" line-rate="0.9385474860335196" branch-rate="0" complexity="0"><methods/><lines><line number="11" hits="25902"/><line number="12" hits="51804"/><line number="13" hits="103608"/><line number="19" hits="25914"/><line number="22" hits="51828"/><line number="23" hits="53174"/><line number="26" hits="122675"/><line number="27" hits="98140"/><line number="28" hits="24535"/><line number="30" hits="11"/><line number="34" hits="462120"/><line number="35" hits="924240"/><line number="36" hits="20828"/><line number="37" hits="228660"/><line number="39" hits="125121"/><line number="40" hits="208535"/><line number="41" hits="83414"/><line number="43" hits="208535"/><line number="44" hits="208535"/><line number="46" hits="166839"/><line number="47" hits="9"/><line number="48" hits="16"/><line number="49" hits="8"/><line number="51" hits="0"/><line number="56" hits="32"/><line number="57" hits="4"/><line number="58" hits="4"/><line number="60" hits="8"/><line number="67" hits="41701"/><line number="70" hits="211068"/><line number="71" hits="70356"/><line number="72" hits="0"/><line number="74" hits="70356"/><line number="75" hits="281424"/><line number="76" hits="140712"/><line number="78" hits="70356"/><line number="79" hits="562812"/><line number="81" hits="70397"/><line number="82" hits="82"/><line number="83" hits="1"/><line number="84" hits="164"/><line number="88" hits="3"/><line number="89" hits="1"/><line number="93" hits="40"/><line number="94" hits="3"/><line number="96" hits="6"/><line number="97" hits="6"/><line number="99" hits="9"/><line number="100" hits="20"/><line number="101" hits="12"/><line number="102" hits="1"/><line number="104" hits="0"/><line number="107" hits="4"/><line number="108" hits="4"/><line number="110" hits="1"/><line number="121" hits="39"/><line number="122" hits="1"/><line number="125" hits="4"/><line number="127" hits="1"/><line number="130" hits="0"/><line number="135" hits="38"/><line number="136" hits="2"/><line number="138" hits="18"/><line number="140" hits="10"/><line number="141" hits="10"/><line number="144" hits="6"/><line number="149" hits="70395"/><line number="150" hits="88"/><line number="151" hits="1"/><line number="152" hits="176"/><line number="155" hits="3"/><line number="156" hits="4"/><line number="157" hits="1"/><line number="162" hits="70350"/><line number="165" hits="15"/><line number="166" hits="60"/><line number="167" hits="30"/><line number="170" hits="30"/><line number="171" hits="236"/><line number="174" hits="51"/><line number="175" hits="21"/><line number="176" hits="42"/><line number="177" hits="42"/><line number="180" hits="84"/><line number="181" hits="8"/><line number="187" hits="7"/><line number="188" hits="10"/><line number="190" hits="20"/><line number="191" hits="20"/><line number="193" hits="29"/><line number="194" hits="9"/><line number="201" hits="3"/><line number="205" hits="9"/><line number="206" hits="12"/><line number="207" hits="0"/><line number="210" hits="6"/><line number="212" hits="272049"/><line number="217" hits="24"/><line number="219" hits="110"/><line number="221" hits="7"/><line number="225" hits="33"/><line number="226" hits="1"/><line number="232" hits="10"/><line number="234" hits="44"/><line number="236" hits="1"/><line number="240" hits="18"/><line number="241" hits="0"/><line number="246" hits="8"/><line number="247" hits="40"/><line number="248" hits="0"/><line number="250" hits="0"/><line number="253" hits="8"/><line number="254" hits="40"/><line number="255" hits="4"/><line number="257" hits="0"/><line number="260" hits="4"/><line number="261" hits="20"/><line number="262" hits="2"/><line number="264" hits="0"/><line number="267" hits="20828"/><line number="269" hits="20828"/><line number="270" hits="83312"/><line number="271" hits="41656"/><line number="273" hits="41656"/><line number="274" hits="126806"/><line number="279" hits="62484"/><line number="280" hits="126806"/><line number="287" hits="62484"/><line number="288" hits="126756"/><line number="290" hits="20"/><line number="292" hits="211776"/><line number="293" hits="20440"/><line number="294" hits="68354"/><line number="295" hits="793"/><line number="297" hits="47041"/><line number="300" hits="158832"/><line number="302" hits="41656"/><line number="303" hits="2"/><line number="308" hits="57165"/><line number="309" hits="57165"/><line number="310" hits="228660"/><line number="311" hits="114330"/><line number="313" hits="114330"/><line number="314" hits="351565"/><line number="320" hits="114330"/><line number="321" hits="351565"/><line number="322" hits="147200"/><line number="324" hits="5"/><line number="325" hits="2"/><line number="327" hits="147199"/><line number="333" hits="171495"/><line number="334" hits="171495"/><line number="335" hits="351567"/><line number="337" hits="83580"/><line number="339" hits="166360"/><line number="340" hits="83180"/><line number="343" hits="63621"/><line number="346" hits="83980"/><line number="349" hits="83580"/><line number="350" hits="155476"/><line number="356" hits="0"/><line number="360" hits="171495"/><line number="361" hits="212641"/><line number="363" hits="77738"/><line number="366" hits="171495"/><line number="370" hits="52989"/><line number="371" hits="211956"/><line number="372" hits="318"/><line number="373" hits="20040"/><line number="375" hits="47736"/><line number="381" hits="268424"/><line number="383" hits="905"/><line number="386" hits="138489"/><line number="387" hits="138489"/><line number="389" hits="189828"/><line number="392" hits="47736"/><line number="395" hits="137"/><line number="399" hits="130682"/><line number="400" hits="615968"/></lines></class></classes></package><package name="crates/api/tests" line-rate="0" branch-rate="0" complexity="0"><classes></classes></package><package name="crates/matrix/src" line-rate="0.9689119170984456" branch-rate="0" complexity="0"><classes><class name="lib" filename="crates/matrix/src/lib.rs" line-rate="0.9689119170984456" branch-rate="0" complexity="0"><methods/><lines><line number="14" hits="1080"/><line number="15" hits="4320"/><line number="18" hits="145"/><line number="19" hits="580"/><line number="20" hits="2433"/><line number="21" hits="580"/><line number="23" hits="48"/><line number="24" hits="192"/><line number="25" hits="192"/><line number="28" hits="192"/><line number="31" hits="42410"/><line number="32" hits="42410"/><line number="34" hits="32548"/><line number="35" hits="130192"/><line number="37" hits="9862"/><line number="38" hits="49310"/><line number="39" hits="9862"/><line number="44" hits="1561"/><line number="45" hits="1561"/><line number="46" hits="1"/><line number="50" hits="2"/><line number="55" hits="5061"/><line number="57" hits="10122"/><line number="58" hits="28313"/><line number="59" hits="828"/><line number="61" hits="5061"/><line number="62" hits="490"/><line number="65" hits="991"/><line number="70" hits="374"/><line number="74" hits="7134"/><line number="77" hits="5995"/><line number="79" hits="4556"/><line number="80" hits="5817"/><line number="84" hits="5695"/><line number="88" hits="1068"/><line number="89" hits="3503"/><line number="98" hits="267"/><line number="99" hits="267"/><line number="100" hits="1"/><line number="104" hits="1"/><line number="107" hits="1"/><line number="110" hits="264"/><line number="112" hits="2"/><line number="115" hits="751"/><line number="116" hits="2253"/><line number="117" hits="4946"/><line number="120" hits="2253"/><line number="123" hits="262"/><line number="127" hits="11"/><line number="128" hits="22"/><line number="129" hits="1"/><line number="131" hits="1323"/><line number="136" hits="4"/><line number="137" hits="7"/><line number="138" hits="1"/><line number="140" hits="36"/><line number="145" hits="18"/><line number="146" hits="18"/><line number="147" hits="1"/><line number="153" hits="38"/><line number="154" hits="84"/><line number="156" hits="215"/><line number="167" hits="22"/><line number="168" hits="88"/><line number="169" hits="72"/><line number="170" hits="121"/><line number="175" hits="88"/><line number="180" hits="14"/><line number="181" hits="245"/><line number="182" hits="56"/><line number="187" hits="16"/><line number="188" hits="16"/><line number="189" hits="1"/><line number="192" hits="44"/><line number="200" hits="10"/><line number="201" hits="10"/><line number="202" hits="1"/><line number="206" hits="1"/><line number="210" hits="8"/><line number="212" hits="2"/><line number="217" hits="16"/><line number="218" hits="46"/><line number="220" hits="16"/><line number="221" hits="64"/><line number="223" hits="30"/><line number="229" hits="16"/><line number="231" hits="32"/><line number="232" hits="80"/><line number="233" hits="0"/><line number="235" hits="16"/><line number="236" hits="0"/><line number="241" hits="0"/><line number="250" hits="92"/><line number="256" hits="46"/><line number="258" hits="16"/><line number="262" hits="14"/><line number="264" hits="84"/><line number="272" hits="6"/><line number="273" hits="16"/><line number="274" hits="46"/><line number="283" hits="26"/><line number="284" hits="50"/><line number="285" hits="2"/><line number="294" hits="69"/><line number="295" hits="69"/><line number="296" hits="3"/><line number="301" hits="74"/><line number="302" hits="222"/><line number="304" hits="51"/><line number="305" hits="0"/><line number="318" hits="15"/><line number="323" hits="51"/><line number="324" hits="255"/><line number="327" hits="173"/><line number="330" hits="42"/><line number="332" hits="126"/><line number="338" hits="51"/><line number="347" hits="16"/><line number="348" hits="30"/><line number="349" hits="2"/><line number="358" hits="42"/><line number="359" hits="42"/><line number="360" hits="4"/><line number="365" hits="41"/><line number="366" hits="123"/><line number="368" hits="25"/><line number="369" hits="0"/><line number="382" hits="13"/><line number="386" hits="75"/><line number="387" hits="125"/><line number="390" hits="75"/><line number="393" hits="18"/><line number="395" hits="35"/><line number="401" hits="25"/><line number="405" hits="25"/><line number="411" hits="83"/><line number="417" hits="18"/><line number="420" hits="13"/><line number="422" hits="26"/><line number="431" hits="44"/><line number="432" hits="19"/><line number="433" hits="19"/><line number="439" hits="52"/><line number="444" hits="22"/><line number="450" hits="50"/><line number="471" hits="24"/><line number="472" hits="24"/><line number="473" hits="1"/><line number="482" hits="60"/><line number="486" hits="53"/><line number="488" hits="24"/><line number="489" hits="24"/><line number="490" hits="24"/><line number="496" hits="70"/><line number="501" hits="57"/><line number="504" hits="24"/><line number="514" hits="5"/><line number="518" hits="162"/><line number="522" hits="140"/><line number="536" hits="15"/><line number="537" hits="15"/><line number="538" hits="1"/><line number="542" hits="1"/><line number="545" hits="1"/><line number="549" hits="12"/><line number="552" hits="29"/><line number="553" hits="116"/><line number="554" hits="2"/><line number="559" hits="10"/><line number="560" hits="25"/><line number="567" hits="25"/><line number="569" hits="20"/><line number="578" hits="25"/><line number="580" hits="20"/><line number="595" hits="24"/><line number="596" hits="46"/><line number="597" hits="2"/><line number="606" hits="61"/><line number="607" hits="61"/><line number="608" hits="7"/><line number="613" hits="63"/><line number="614" hits="189"/><line number="616" hits="42"/><line number="617" hits="0"/><line number="630" hits="12"/><line number="634" hits="126"/><line number="635" hits="210"/><line number="638" hits="130"/><line number="641" hits="17"/><line number="643" hits="124"/><line number="649" hits="42"/><line number="654" hits="106"/><line number="656" hits="114"/></lines></class></classes></package><package name="crates/polys/src" line-rate="0.9161849710982659" branch-rate="0" complexity="0"><classes><class name="lib" filename="crates/polys/src/lib.rs" line-rate="0.9161849710982659" branch-rate="0" complexity="0"><methods/><lines><line number="23" hits="26194"/><line number="24" hits="52388"/><line number="25" hits="52388"/><line number="27" hits="5572"/><line number="28" hits="11144"/><line number="30" hits="62953"/><line number="31" hits="125906"/><line number="33" hits="31396"/><line number="34" hits="62792"/><line number="35" hits="2"/><line number="37" hits="31394"/><line number="40" hits="13561"/><line number="41" hits="27121"/><line number="44" hits="1"/><line number="48" hits="1083"/><line number="49" hits="1083"/><line number="50" hits="9"/><line number="53" hits="1916"/><line number="61" hits="3448"/><line number="63" hits="6896"/><line number="64" hits="15699"/><line number="67" hits="3448"/><line number="70" hits="2425"/><line number="71" hits="2425"/><line number="72" hits="16975"/><line number="73" hits="17814"/><line number="78" hits="9700"/><line number="80" hits="6689"/><line number="81" hits="6689"/><line number="82" hits="46823"/><line number="83" hits="48305"/><line number="88" hits="26756"/><line number="90" hits="519"/><line number="91" hits="519"/><line number="92" hits="1379"/><line number="93" hits="226"/><line number="96" hits="642"/><line number="98" hits="61"/><line number="100" hits="2389"/><line number="102" hits="115"/><line number="109" hits="2405"/><line number="110" hits="4810"/><line number="111" hits="34"/><line number="115" hits="11844"/><line number="120" hits="4429"/><line number="121" hits="4429"/><line number="122" hits="8858"/><line number="123" hits="1"/><line number="128" hits="210"/><line number="132" hits="16246"/><line number="134" hits="1435"/><line number="139" hits="3907"/><line number="140" hits="11721"/><line number="145" hits="9645"/><line number="150" hits="2783"/><line number="156" hits="1580"/><line number="157" hits="1580"/><line number="159" hits="7176"/><line number="160" hits="2798"/><line number="161" hits="2798"/><line number="162" hits="2798"/><line number="164" hits="3160"/><line number="173" hits="808"/><line number="174" hits="1616"/><line number="175" hits="1"/><line number="182" hits="6"/><line number="189" hits="8"/><line number="190" hits="796"/><line number="207" hits="270"/><line number="208" hits="270"/><line number="210" hits="542"/><line number="211" hits="1"/><line number="216" hits="0"/><line number="219" hits="0"/><line number="222" hits="269"/><line number="223" hits="269"/><line number="226" hits="1"/><line number="227" hits="0"/><line number="231" hits="2"/><line number="232" hits="2"/><line number="233" hits="3"/><line number="234" hits="2"/><line number="236" hits="1"/><line number="240" hits="2"/><line number="241" hits="2"/><line number="242" hits="2"/><line number="243" hits="1"/><line number="245" hits="1"/><line number="252" hits="801"/><line number="253" hits="2411"/><line number="257" hits="1618"/><line number="258" hits="2418"/><line number="260" hits="4"/><line number="265" hits="1601"/><line number="266" hits="1335"/><line number="267" hits="3207"/><line number="269" hits="532"/><line number="287" hits="265"/><line number="288" hits="530"/><line number="289" hits="0"/><line number="292" hits="265"/><line number="294" hits="1"/><line number="298" hits="264"/><line number="302" hits="0"/><line number="307" hits="264"/><line number="316" hits="799"/><line number="317" hits="1598"/><line number="318" hits="1"/><line number="325" hits="2394"/><line number="328" hits="3092"/><line number="338" hits="1147"/><line number="339" hits="2294"/><line number="340" hits="0"/><line number="343" hits="1147"/><line number="344" hits="2294"/><line number="345" hits="0"/><line number="349" hits="1147"/><line number="350" hits="1821"/><line number="354" hits="349"/><line number="360" hits="349"/><line number="363" hits="0"/><line number="367" hits="1047"/><line number="368" hits="1396"/><line number="369" hits="349"/><line number="371" hits="0"/><line number="375" hits="573"/><line number="381" hits="540"/><line number="382" hits="1620"/><line number="383" hits="0"/><line number="390" hits="540"/><line number="395" hits="2"/><line number="402" hits="1271"/><line number="403" hits="540"/><line number="404" hits="0"/><line number="406" hits="2373"/><line number="407" hits="4415"/><line number="410" hits="347"/><line number="416" hits="191"/><line number="420" hits="540"/><line number="421" hits="1080"/><line number="422" hits="3812"/><line number="427" hits="2160"/><line number="428" hits="3812"/><line number="432" hits="540"/><line number="436" hits="1076"/><line number="437" hits="1600"/><line number="438" hits="524"/><line number="440" hits="1076"/><line number="441" hits="0"/><line number="446" hits="2421"/><line number="447" hits="1345"/><line number="448" hits="3795"/><line number="449" hits="2914"/><line number="450" hits="1152"/><line number="458" hits="1660"/><line number="459" hits="1660"/><line number="460" hits="1660"/><line number="461" hits="4982"/><line number="462" hits="1661"/><line number="463" hits="1661"/><line number="464" hits="1661"/><line number="466" hits="1660"/><line number="469" hits="1636"/><line number="470" hits="3272"/><line number="471" hits="0"/><line number="476" hits="26194"/><line number="477" hits="145124"/><line number="478" hits="9546"/><line number="484" hits="2980"/><line number="485" hits="657"/><line number="486" hits="3285"/><line number="489" hits="0"/><line number="492" hits="1851"/><line number="493" hits="7404"/><line number="494" hits="1310"/><line number="495" hits="345"/><line number="496" hits="426"/><line number="499" hits="1176"/><line number="500" hits="8978"/><line number="504" hits="2072"/><line number="505" hits="4144"/><line number="506" hits="5005"/><line number="508" hits="368"/><line number="509" hits="91"/><line number="511" hits="1"/><line number="515" hits="2212"/><line number="516" hits="1106"/><line number="517" hits="1106"/><line number="518" hits="1659"/><line number="519" hits="0"/><line number="521" hits="2212"/><line number="523" hits="1"/><line number="528" hits="426"/><line number="530" hits="850"/><line number="531" hits="2124"/><line number="535" hits="1704"/><line number="536" hits="320"/><line number="537" hits="320"/><line number="540" hits="315"/><line number="541" hits="315"/><line number="542" hits="315"/><line number="543" hits="1"/><line number="545" hits="416"/><line number="547" hits="0"/><line number="554" hits="424"/><line number="556" hits="0"/><line number="560" hits="5960"/><line number="562" hits="8284"/><line number="567" hits="4"/><line number="570" hits="905"/><line number="571" hits="1907"/><line number="572" hits="9535"/><line number="575" hits="904"/><line number="577" hits="3"/><line number="581" hits="262"/><line number="582" hits="524"/><line number="583" hits="130"/><line number="587" hits="472"/><line number="589" hits="55"/><line number="591" hits="1863"/><line number="592" hits="834"/><line number="593" hits="165"/><line number="595" hits="252"/><line number="599" hits="1251"/><line number="607" hits="14"/><line number="608" hits="14"/><line number="609" hits="1"/><line number="613" hits="13"/><line number="616" hits="24"/><line number="617" hits="48"/><line number="618" hits="0"/><line number="622" hits="8"/><line number="623" hits="16"/><line number="624" hits="56"/><line number="626" hits="24"/><line number="628" hits="32"/><line number="629" hits="56"/><line number="630" hits="24"/><line number="632" hits="8"/><line number="634" hits="19"/><line number="635" hits="20"/><line number="636" hits="1"/><line number="638" hits="19"/><line number="640" hits="0"/><line number="644" hits="38"/><line number="645" hits="19"/><line number="646" hits="57"/><line number="647" hits="41"/><line number="648" hits="9"/><line number="655" hits="5"/><line number="656" hits="15"/><line number="657" hits="30"/><line number="658" hits="10"/><line number="659" hits="25"/><line number="663" hits="5"/><line number="664" hits="0"/><line number="666" hits="10"/><line number="667" hits="5"/><line number="668" hits="10"/><line number="675" hits="18"/><line number="676" hits="0"/><line number="679" hits="50"/><line number="680" hits="50"/><line number="681" hits="20"/><line number="682" hits="0"/><line number="689" hits="16"/><line number="690" hits="24"/><line number="691" hits="24"/><line number="692" hits="16"/><line number="693" hits="59"/><line number="694" hits="11"/><line number="695" hits="0"/><line number="697" hits="87"/><line number="700" hits="5"/><line number="705" hits="16"/><line number="707" hits="5"/><line number="713" hits="10"/><line number="714" hits="37"/><line number="715" hits="42"/><line number="716" hits="1"/><line number="721" hits="9"/><line number="722" hits="35"/><line number="723" hits="52"/><line number="724" hits="52"/><line number="725" hits="26"/><line number="726" hits="0"/><line number="732" hits="9"/><line number="744" hits="10"/><line number="745" hits="10"/><line number="748" hits="44"/><line number="749" hits="88"/><line number="750" hits="176"/><line number="751" hits="44"/><line number="754" hits="21"/><line number="755" hits="63"/><line number="759" hits="33"/><line number="760" hits="99"/><line number="761" hits="95"/><line number="765" hits="114"/><line number="766" hits="33"/><line number="770" hits="10"/><line number="771" hits="20"/><line number="772" hits="48"/><line number="773" hits="52"/><line number="774" hits="14"/><line number="775" hits="14"/><line number="778" hits="9"/><line number="791" hits="5"/><line number="792" hits="5"/><line number="795" hits="9"/><line number="796" hits="18"/><line number="797" hits="0"/><line number="804" hits="29"/><line number="805" hits="58"/><line number="806" hits="145"/><line number="810" hits="42"/><line number="811" hits="84"/><line number="815" hits="8"/><line number="816" hits="72"/><line number="820" hits="19"/><line number="821" hits="57"/><line number="822" hits="59"/><line number="824" hits="0"/><line number="825" hits="0"/><line number="827" hits="20"/><line number="834" hits="2"/><line number="835" hits="6"/><line number="836" hits="6"/><line number="838" hits="1"/><line number="839" hits="2"/><line number="841" hits="1"/><line number="848" hits="19"/><line number="849" hits="56"/><line number="850" hits="2"/><line number="854" hits="55"/><line number="855" hits="65"/><line number="859" hits="0"/><line number="860" hits="0"/><line number="862" hits="23"/><line number="870" hits="4"/><line number="871" hits="8"/><line number="872" hits="33"/><line number="873" hits="40"/><line number="876" hits="3"/><line number="880" hits="11"/><line number="881" hits="22"/></lines></class></classes></package><package name="crates/wasm/src" line-rate="0" branch-rate="0" complexity="0"><classes></classes></package><package name="crates/cli/src" line-rate="0" branch-rate="0" complexity="0"><classes></classes></package><package name="crates/expr_core/benches" line-rate="0" branch-rate="0" complexity="0"><classes></classes></package><package name="crates/tests_e2e/src" line-rate="0" branch-rate="0" complexity="0"><classes></classes></package><package name="crates/io/tests" line-rate="1" branch-rate="0" complexity="0"><classes><class name="proptests" filename="crates/io/tests/proptests.rs" line-rate="1" branch-rate="0" complexity="0"><methods/><lines><line number="8" hits="9"/><line number="9" hits="9"/><line number="12" hits="3"/><line number="13" hits="9"/><line number="16" hits="774"/><line number="24" hits="2322"/><line number="25" hits="2322"/><line number="26" hits="3870"/><line number="27" hits="3096"/><line number="28" hits="4644"/><line number="31" hits="3096"/><line number="32" hits="3870"/><line number="33" hits="3870"/><line number="34" hits="3870"/><line number="35" hits="4644"/><line number="36" hits="5418"/></lines></class></classes></package><package name="crates/evalf/tests" line-rate="0" branch-rate="0" complexity="0"><classes></classes></package><package name="crates/evalf/src" line-rate="0" branch-rate="0" complexity="0"><classes><class name="lib" filename="crates/evalf/src/lib.rs" line-rate="0" branch-rate="0" complexity="0"><methods/><lines><line number="24" hits="0"/><line number="25" hits="0"/><line number="26" hits="0"/></lines></class></classes></package><package name="crates/arith/src" line-rate="0.9696969696969697" branch-rate="0" complexity="0"><classes><class name="lib" filename="crates/arith/src/lib.rs" line-rate="0.9696969696969697" branch-rate="0" complexity="0"><methods/><lines><line number="13" hits="53"/><line number="14" hits="106"/><line number="19" hits="53"/><line number="21" hits="106"/><line number="22" hits="106"/><line number="23" hits="159"/><line number="28" hits="11768"/><line number="29" hits="47072"/><line number="30" hits="11768"/><line number="32" hits="63320"/><line number="33" hits="63320"/><line number="35" hits="4853"/><line number="36" hits="4853"/><line number="38" hits="51300"/><line number="39" hits="51300"/><line number="41" hits="106"/><line number="42" hits="212"/><line number="47" hits="727895"/><line number="48" hits="727895"/><line number="49" hits="0"/><line number="52" hits="0"/><line number="54" hits="3294795"/><line number="55" hits="1283450"/><line number="56" hits="1283450"/><line number="57" hits="1283450"/><line number="64" hits="841862"/><line number="65" hits="1683725"/><line number="66" hits="1683722"/><line number="67" hits="1683722"/><line number="68" hits="845655"/><line number="69" hits="3794"/><line number="70" hits="3794"/><line number="72" hits="841861"/><line number="73" hits="113967"/><line number="79" hits="288127"/><line number="81" hits="2305016"/><line number="82" hits="1152508"/><line number="83" hits="864381"/><line number="86" hits="236123"/><line number="88" hits="944492"/><line number="89" hits="944492"/><line number="90" hits="708369"/><line number="93" hits="19062"/><line number="94" hits="57186"/><line number="98" hits="14"/><line number="99" hits="42"/><line number="101" hits="1226"/><line number="102" hits="3678"/><line number="104" hits="12"/><line number="105" hits="36"/><line number="107" hits="4312"/><line number="108" hits="12936"/><line number="110" hits="15181"/><line number="111" hits="45543"/><line number="115" hits="23535"/><line number="116" hits="117675"/><line number="117" hits="23535"/><line number="119" hits="19049"/><line number="120" hits="95245"/><line number="121" hits="19049"/><line number="123" hits="36281"/><line number="124" hits="181405"/><line number="125" hits="36281"/><line number="127" hits="13540"/><line number="128" hits="67700"/><line number="129" hits="13540"/></lines></class></classes></package><package name="crates/assumptions/src" line-rate="0.7894736842105263" branch-rate="0" complexity="0"><classes><class name="lib" filename="crates/assumptions/src/lib.rs" line-rate="0.7894736842105263" branch-rate="0" complexity="0"><methods/><lines><line number="31" hits="13"/><line number="32" hits="13"/><line number="36" hits="0"/><line number="37" hits="0"/><line number="41" hits="0"/><line number="42" hits="0"/><line number="43" hits="0"/><line number="50" hits="17"/><line number="51" hits="34"/><line number="52" hits="0"/><line number="57" hits="21"/><line number="59" hits="63"/><line number="60" hits="61"/><line number="61" hits="17"/><line number="62" hits="55"/><line number="67" hits="42"/><line number="68" hits="4"/><line number="72" hits="15"/><line number="74" hits="2"/><line number="79" hits="25914"/><line number="80" hits="51864"/><line number="86" hits="17"/><line number="87" hits="51"/><line number="88" hits="34"/><line number="91" hits="50"/><line number="92" hits="33"/><line number="95" hits="24"/><line number="96" hits="96"/><line number="97" hits="96"/><line number="98" hits="48"/><line number="102" hits="4"/><line number="103" hits="16"/><line number="104" hits="8"/><line number="108" hits="0"/><line number="109" hits="0"/><line number="113" hits="107"/><line number="114" hits="52"/><line number="120" hits="17"/></lines></class></classes></package><package name="crates/matrix/tests" line-rate="1" branch-rate="0" complexity="0"><classes><class name="proptests" filename="crates/matrix/tests/proptests.rs" line-rate="1" branch-rate="0" complexity="0"><methods/><lines><line number="7" hits="1"/><line number="8" hits="1818"/><line number="11" hits="512"/><line number="12" hits="1536"/><line number="13" hits="2048"/><line number="14" hits="2156"/><line number="17" hits="2048"/><line number="31" hits="1472"/><line number="32" hits="1472"/></lines></class></classes></package><package name="crates/assumptions/tests" line-rate="0" branch-rate="0" complexity="0"><classes></classes></package><package name="crates/calculus/benches" line-rate="0" branch-rate="0" complexity="0"><classes></classes></package><package name="crates/polys/benches" line-rate="0" branch-rate="0" complexity="0"><classes></classes></package><package name="crates/expr_core/src" line-rate="0.8871794871794871" branch-rate="0" complexity="0"><classes><class name="lib" filename="crates/expr_core/src/lib.rs" line-rate="0.8871794871794871" branch-rate="0" complexity="0"><methods/><lines><line number="71" hits="7373"/><line number="72" hits="7373"/><line number="75" hits="5610874"/><line number="76" hits="5610874"/><line number="82" hits="39473"/><line number="83" hits="197365"/><line number="87" hits="29427"/><line number="88" hits="117708"/><line number="92" hits="25906"/><line number="93" hits="103624"/><line number="97" hits="24536"/><line number="98" hits="98144"/><line number="102" hits="2278"/><line number="103" hits="11390"/><line number="107" hits="2265"/><line number="108" hits="9060"/><line number="112" hits="1140"/><line number="113" hits="6840"/><line number="117" hits="1119"/><line number="118" hits="5595"/><line number="122" hits="5"/><line number="123" hits="10"/><line number="124" hits="10"/><line number="125" hits="10"/><line number="126" hits="10"/><line number="130" hits="7388"/><line number="131" hits="36940"/><line number="133" hits="285393"/><line number="134" hits="1426965"/><line number="136" hits="290649"/><line number="137" hits="1162596"/><line number="138" hits="290649"/><line number="139" hits="327120"/><line number="143" hits="82725"/><line number="145" hits="413625"/><line number="151" hits="31"/><line number="152" hits="62"/><line number="154" hits="6"/><line number="157" hits="119"/><line number="165" hits="124969"/><line number="166" hits="374907"/><line number="167" hits="249938"/><line number="170" hits="660993"/><line number="171" hits="0"/><line number="172" hits="0"/><line number="173" hits="8817"/><line number="174" hits="0"/><line number="177" hits="0"/><line number="178" hits="552174"/><line number="179" hits="0"/><line number="182" hits="0"/><line number="183" hits="21771"/><line number="184" hits="0"/><line number="187" hits="221274"/><line number="192" hits="220775"/><line number="193" hits="479030"/><line number="197" hits="425380"/><line number="198" hits="701768"/><line number="199" hits="526326"/><line number="202" hits="249938"/><line number="203" hits="540"/><line number="205" hits="0"/><line number="206" hits="91610"/><line number="210" hits="387660"/><line number="212" hits="0"/><line number="215" hits="194848"/><line number="216" hits="584544"/><line number="217" hits="389696"/><line number="219" hits="977417"/><line number="220" hits="791442"/><line number="221" hits="0"/><line number="222" hits="70319"/><line number="223" hits="0"/><line number="226" hits="0"/><line number="227" hits="124839"/><line number="228" hits="0"/><line number="229" hits="8873"/><line number="231" hits="0"/><line number="234" hits="0"/><line number="235" hits="347166"/><line number="236" hits="0"/><line number="237" hits="0"/><line number="239" hits="0"/><line number="242" hits="648405"/><line number="247" hits="419868"/><line number="248" hits="132939"/><line number="252" hits="390376"/><line number="253" hits="1561504"/><line number="254" hits="1171128"/><line number="257" hits="0"/><line number="258" hits="86"/><line number="260" hits="0"/><line number="261" hits="38663"/><line number="265" hits="1362018"/><line number="267" hits="0"/><line number="270" hits="102266"/><line number="272" hits="409064"/><line number="273" hits="1725"/><line number="275" hits="402164"/><line number="277" hits="84"/><line number="278" hits="86"/><line number="281" hits="14"/><line number="285" hits="703185"/><line number="289" hits="1767"/><line number="290" hits="25491"/><line number="291" hits="25491"/><line number="292" hits="4989"/><line number="293" hits="5818"/><line number="294" hits="6027"/><line number="295" hits="8657"/><line number="298" hits="13708"/><line number="299" hits="54832"/><line number="300" hits="41124"/><line number="301" hits="13881"/><line number="302" hits="2580"/><line number="303" hits="9729"/><line number="304" hits="137"/><line number="305" hits="137"/><line number="306" hits="1111"/><line number="307" hits="274"/><line number="309" hits="1107"/><line number="310" hits="1107"/><line number="312" hits="19410"/><line number="315" hits="1935"/><line number="316" hits="1935"/><line number="318" hits="21350"/><line number="322" hits="12054"/><line number="323" hits="12054"/><line number="324" hits="4018"/><line number="327" hits="10"/><line number="328" hits="18"/><line number="329" hits="8"/><line number="330" hits="40"/><line number="331" hits="40"/><line number="332" hits="24"/><line number="335" hits="20"/><line number="337" hits="0"/><line number="339" hits="27416"/><line number="340" hits="68"/><line number="342" hits="13674"/><line number="345" hits="5301"/><line number="349" hits="837958"/><line number="351" hits="6347582"/><line number="352" hits="4189790"/><line number="354" hits="2392007"/><line number="360" hits="121867"/><line number="361" hits="121867"/><line number="362" hits="897084"/><line number="365" hits="243734"/><line number="366" hits="609335"/><line number="367" hits="487468"/><line number="368" hits="121867"/><line number="374" hits="121867"/><line number="375" hits="243734"/><line number="376" hits="487468"/><line number="377" hits="121867"/><line number="378" hits="69841"/><line number="379" hits="64388"/><line number="380" hits="96582"/><line number="381" hits="64388"/><line number="383" hits="34233"/><line number="384" hits="34233"/><line number="385" hits="45644"/><line number="386" hits="22822"/><line number="388" hits="9934"/><line number="389" hits="14901"/><line number="390" hits="14901"/><line number="392" hits="6908"/><line number="393" hits="10362"/><line number="394" hits="10362"/><line number="397" hits="476189"/><line number="400" hits="243734"/><line number="403" hits="121867"/><line number="404" hits="121867"/><line number="405" hits="15177"/><line number="406" hits="41923"/><line number="407" hits="12719"/><line number="408" hits="4967"/><line number="409" hits="32194"/><line number="410" hits="11411"/><line number="411" hits="3454"/><line number="412" hits="22"/><line number="419" hits="121867"/><line number="420" hits="121867"/><line number="422" hits="2116627"/><line number="423" hits="2116627"/><line number="424" hits="2116627"/><line number="426" hits="55016"/><line number="427" hits="165048"/><line number="429" hits="232177"/><line number="430" hits="2321770"/><line number="434" hits="8421"/><line number="435" hits="39375"/><line number="439" hits="121867"/><line number="440" hits="121867"/></lines></class></classes></package><package name="crates/solver/benches" line-rate="0" branch-rate="0" complexity="0"><classes></classes></package><package name="crates/solver/tests" line-rate="0" branch-rate="0" complexity="0"><classes></classes></package><package name="crates/api/src" line-rate="0" branch-rate="0" complexity="0"><classes></classes></package><package name="crates/pattern/src" line-rate="0.42105263157894735" branch-rate="0" complexity="0"><classes><class name="lib" filename="crates/pattern/src/lib.rs" line-rate="0.42105263157894735" branch-rate="0" complexity="0"><methods/><lines><line number="17" hits="1135"/><line number="19" hits="4557"/><line number="24" hits="6708"/><line number="27" hits="7826"/><line number="28" hits="1118"/><line number="32" hits="1118"/><line number="33" hits="2236"/><line number="34" hits="422"/><line number="35" hits="771"/><line number="36" hits="1028"/><line number="37" hits="0"/><line number="40" hits="231"/><line number="43" hits="2310"/><line number="48" hits="832"/><line number="49" hits="416"/><line number="51" hits="2288"/><line number="53" hits="624"/><line number="56" hits="0"/><line number="57" hits="0"/><line number="58" hits="0"/><line number="60" hits="0"/><line number="61" hits="0"/><line number="62" hits="0"/><line number="65" hits="0"/><line number="66" hits="0"/><line number="67" hits="0"/><line number="69" hits="0"/><line number="70" hits="0"/><line number="72" hits="0"/><line number="74" hits="0"/><line number="77" hits="0"/><line number="78" hits="0"/><line number="80" hits="0"/><line number="83" hits="0"/><line number="84" hits="0"/><line number="85" hits="0"/><line number="86" hits="0"/><line number="89" hits="0"/></lines></class></classes></package><package name="crates/simplify/tests" line-rate="0" branch-rate="0" complexity="0"><classes></classes></package><package name="examples" line-rate="0" branch-rate="0" complexity="0"><classes></classes></package><package name="crates/arith/tests" line-rate="0" branch-rate="0" complexity="0"><classes></classes></package><package name="crates/pattern/tests" line-rate="0" branch-rate="0" complexity="0"><classes></classes></package><package name="crates/solver/src" line-rate="0.9024390243902439" branch-rate="0" complexity="0"><classes><class name="lib" filename="crates/solver/src/lib.rs" line-rate="0.9024390243902439" branch-rate="0" complexity="0"><methods/><lines><line number="15" hits="790"/><line number="16" hits="3950"/><line number="19" hits="1"/><line number="27" hits="935"/><line number="28" hits="935"/><line number="29" hits="2373"/><line number="31" hits="144"/><line number="36" hits="4164"/><line number="37" hits="1126"/><line number="40" hits="1"/><line number="44" hits="4675"/><line number="45" hits="4675"/><line number="46" hits="935"/><line number="47" hits="935"/><line number="49" hits="935"/><line number="50" hits="935"/><line number="56" hits="744"/><line number="57" hits="186"/><line number="58" hits="186"/><line number="63" hits="8"/><line number="64" hits="2"/><line number="65" hits="2"/><line number="70" hits="4"/><line number="71" hits="1"/><line number="72" hits="1"/><line number="78" hits="1"/><line number="80" hits="0"/><line number="84" hits="786"/><line number="89" hits="1"/><line number="90" hits="1"/><line number="91" hits="1"/><line number="92" hits="3"/><line number="94" hits="0"/><line number="99" hits="5"/><line number="100" hits="5"/><line number="101" hits="5"/><line number="102" hits="5"/><line number="103" hits="5"/><line number="105" hits="2"/><line number="106" hits="0"/><line number="139" hits="1"/><line number="141" hits="0"/><line number="177" hits="3"/><line number="178" hits="9"/><line number="179" hits="9"/><line number="180" hits="15"/><line number="182" hits="4"/><line number="187" hits="15"/><line number="188" hits="15"/><line number="189" hits="15"/><line number="190" hits="15"/><line number="192" hits="6"/><line number="193" hits="0"/><line number="258" hits="186"/><line number="259" hits="558"/><line number="260" hits="558"/><line number="261" hits="1116"/><line number="263" hits="186"/><line number="267" hits="930"/><line number="268" hits="930"/><line number="269" hits="930"/><line number="271" hits="372"/><line number="272" hits="0"/><line number="283" hits="186"/><line number="284" hits="186"/><line number="285" hits="1"/><line number="288" hits="825"/><line number="289" hits="640"/><line number="290" hits="0"/><line number="294" hits="185"/><line number="297" hits="186"/><line number="298" hits="372"/><line number="299" hits="372"/><line number="300" hits="558"/><line number="301" hits="0"/><line number="305" hits="0"/><line number="313" hits="744"/><line number="314" hits="186"/><line number="315" hits="744"/><line number="316" hits="558"/><line number="317" hits="744"/><line number="319" hits="186"/><line number="320" hits="744"/><line number="321" hits="558"/><line number="323" hits="186"/><line number="324" hits="1116"/><line number="325" hits="930"/><line number="327" hits="186"/><line number="328" hits="558"/><line number="329" hits="1116"/><line number="330" hits="1116"/><line number="331" hits="930"/><line number="333" hits="372"/><line number="341" hits="8"/><line number="343" hits="40"/><line number="344" hits="160"/><line number="345" hits="12"/><line number="346" hits="11"/><line number="347" hits="127"/><line number="352" hits="8"/><line number="353" hits="16"/><line number="354" hits="1"/><line number="360" hits="35"/><line number="361" hits="64"/><line number="362" hits="16"/><line number="364" hits="6"/><line number="365" hits="0"/><line number="371" hits="13"/><line number="372" hits="1"/><line number="379" hits="30"/><line number="382" hits="9"/><line number="383" hits="6"/><line number="384" hits="9"/><line number="387" hits="9"/><line number="388" hits="18"/><line number="391" hits="15"/><line number="394" hits="15"/><line number="402" hits="5"/><line number="403" hits="12"/><line number="404" hits="4"/><line number="406" hits="16"/><line number="407" hits="14"/><line number="408" hits="14"/><line number="410" hits="21"/><line number="411" hits="5"/><line number="430" hits="3"/><line number="434" hits="3"/><line number="435" hits="6"/><line number="436" hits="0"/><line number="438" hits="0"/><line number="439" hits="0"/><line number="444" hits="3"/><line number="445" hits="6"/><line number="446" hits="4"/><line number="447" hits="4"/><line number="449" hits="10"/><line number="450" hits="8"/><line number="451" hits="6"/><line number="452" hits="4"/><line number="453" hits="4"/><line number="454" hits="0"/><line number="461" hits="2"/><line number="464" hits="4"/><line number="465" hits="2"/><line number="470" hits="1"/><line number="475" hits="5"/><line number="482" hits="23"/><line number="484" hits="3"/><line number="489" hits="2"/><line number="490" hits="6"/><line number="491" hits="4"/><line number="492" hits="4"/><line number="494" hits="10"/><line number="495" hits="18"/><line number="497" hits="2"/><line number="498" hits="0"/><line number="504" hits="2"/><line number="507" hits="2"/><line number="508" hits="8"/><line number="510" hits="6"/><line number="511" hits="10"/><line number="512" hits="12"/><line number="513" hits="2"/><line number="517" hits="0"/></lines></class></classes></package><package name="crates/simplify/benches" line-rate="0" branch-rate="0" complexity="0"><classes></classes></package><package name="crates/expr_core/tests" line-rate="0" branch-rate="0" complexity="0"><classes></classes></package><package name="crates/calculus/src" line-rate="0.7694779116465863" branch-rate="0" complexity="0"><classes><class name="definite" filename="crates/calculus/src/definite.rs" line-rate="0.5" branch-rate="0" complexity="0"><methods/><lines><line number="49" hits="4"/><line number="57" hits="20"/><line number="61" hits="2"/><line number="77" hits="2"/><line number="79" hits="12"/><line number="80" hits="8"/><line number="83" hits="12"/><line number="85" hits="2"/><line number="86" hits="2"/><line number="89" hits="6"/><line number="98" hits="0"/><line number="100" hits="0"/><line number="103" hits="0"/><line number="105" hits="0"/><line number="106" hits="0"/><line number="109" hits="0"/><line number="111" hits="0"/><line number="112" hits="0"/><line number="114" hits="0"/><line number="123" hits="0"/><line number="125" hits="0"/><line number="130" hits="0"/><line number="131" hits="0"/><line number="133" hits="0"/><line number="134" hits="0"/><line number="138" hits="0"/><line number="142" hits="0"/><line number="144" hits="0"/><line number="147" hits="0"/><line number="155" hits="35"/><line number="156" hits="140"/><line number="157" hits="32"/><line number="158" hits="13"/><line number="161" hits="14"/><line number="163" hits="135"/><line number="167" hits="0"/><line number="168" hits="21"/><line number="170" hits="6"/><line number="171" hits="24"/><line number="173" hits="0"/><line number="177" hits="3"/><line number="180" hits="0"/><line number="184" hits="0"/><line number="192" hits="4"/><line number="193" hits="1"/><line number="194" hits="8"/></lines></class><class name="diff" filename="crates/calculus/src/diff.rs" line-rate="0.9818181818181818" branch-rate="0" complexity="0"><methods/><lines><line number="9" hits="39465"/><line number="11" hits="128438"/><line number="15" hits="147110"/><line number="18" hits="176532"/><line number="19" hits="29422"/><line number="23" hits="29422"/><line number="24" hits="58844"/><line number="25" hits="16148"/><line number="26" hits="7365"/><line number="27" hits="12263"/><line number="28" hits="4"/><line number="31" hits="3629"/><line number="32" hits="31432"/><line number="38" hits="33688"/><line number="39" hits="25266"/><line number="40" hits="36608"/><line number="42" hits="48288"/><line number="43" hits="19764"/><line number="44" hits="98820"/><line number="46" hits="28524"/><line number="52" hits="33688"/><line number="53" hits="25266"/><line number="58" hits="14840"/><line number="59" hits="7420"/><line number="60" hits="7420"/><line number="61" hits="11130"/><line number="62" hits="18550"/><line number="63" hits="11130"/><line number="65" hits="7420"/><line number="66" hits="3708"/><line number="68" hits="0"/><line number="79" hits="10"/><line number="80" hits="10"/><line number="81" hits="10"/><line number="82" hits="10"/><line number="83" hits="12"/><line number="84" hits="6"/><line number="85" hits="10"/><line number="86" hits="12"/><line number="87" hits="12"/><line number="88" hits="12"/><line number="89" hits="12"/><line number="90" hits="6"/><line number="96" hits="6260"/><line number="97" hits="12520"/><line number="98" hits="6260"/><line number="99" hits="3130"/><line number="100" hits="0"/><line number="102" hits="6260"/><line number="104" hits="3130"/><line number="105" hits="2"/><line number="112" hits="7660"/><line number="113" hits="7660"/><line number="115" hits="1597"/><line number="117" hits="7720"/><line number="118" hits="4632"/><line number="119" hits="9264"/><line number="121" hits="53"/><line number="123" hits="35"/><line number="124" hits="35"/><line number="126" hits="81"/><line number="128" hits="36"/><line number="129" hits="60"/><line number="130" hits="60"/><line number="132" hits="34"/><line number="134" hits="35"/><line number="135" hits="35"/><line number="137" hits="27"/><line number="139" hits="45"/><line number="140" hits="45"/><line number="142" hits="18"/><line number="145" hits="10"/><line number="146" hits="6"/><line number="147" hits="10"/><line number="148" hits="6"/><line number="149" hits="6"/><line number="150" hits="12"/><line number="151" hits="12"/><line number="152" hits="10"/><line number="154" hits="16"/><line number="156" hits="9"/><line number="157" hits="9"/><line number="158" hits="15"/><line number="159" hits="18"/><line number="161" hits="13"/><line number="163" hits="10"/><line number="164" hits="6"/><line number="165" hits="10"/><line number="166" hits="6"/><line number="167" hits="12"/><line number="168" hits="10"/><line number="170" hits="12"/><line number="172" hits="30"/><line number="173" hits="50"/><line number="174" hits="30"/><line number="175" hits="60"/><line number="176" hits="30"/><line number="177" hits="50"/><line number="178" hits="50"/><line number="180" hits="1"/><line number="186" hits="8"/><line number="187" hits="4"/><line number="188" hits="7"/><line number="189" hits="3"/><line number="190" hits="9"/><line number="191" hits="9"/><line number="192" hits="18"/><line number="193" hits="9"/><line number="196" hits="8"/><line number="197" hits="6"/></lines></class><class name="evaluate" filename="crates/calculus/src/evaluate.rs" line-rate="0.7254901960784313" branch-rate="0" complexity="0"><methods/><lines><line number="20" hits="81"/><line number="21" hits="324"/><line number="22" hits="74"/><line number="23" hits="27"/><line number="24" hits="10"/><line number="26" hits="4"/><line number="28" hits="16"/><line number="29" hits="28"/><line number="32" hits="2"/><line number="35" hits="21"/><line number="36" hits="14"/><line number="37" hits="28"/><line number="38" hits="48"/><line number="41" hits="4"/><line number="44" hits="30"/><line number="45" hits="10"/><line number="46" hits="0"/><line number="48" hits="10"/><line number="49" hits="7"/><line number="53" hits="0"/><line number="61" hits="4"/><line number="63" hits="0"/><line number="68" hits="9"/><line number="69" hits="9"/><line number="70" hits="0"/><line number="75" hits="8"/><line number="82" hits="24"/><line number="84" hits="24"/><line number="85" hits="0"/><line number="88" hits="7"/><line number="94" hits="3"/><line number="95" hits="12"/><line number="108" hits="10"/><line number="110" hits="27"/><line number="111" hits="17"/><line number="115" hits="6"/><line number="117" hits="0"/><line number="118" hits="0"/><line number="122" hits="3"/><line number="123" hits="11"/><line number="124" hits="3"/><line number="127" hits="0"/><line number="128" hits="0"/><line number="129" hits="0"/><line number="130" hits="0"/><line number="131" hits="0"/><line number="133" hits="0"/><line number="137" hits="3"/><line number="140" hits="0"/><line number="143" hits="3"/><line number="146" hits="1"/></lines></class><class name="integrate" filename="crates/calculus/src/integrate.rs" line-rate="0.8144329896907216" branch-rate="0" complexity="0"><methods/><lines><line number="10" hits="2273"/><line number="12" hits="6829"/><line number="17" hits="11315"/><line number="20" hits="13578"/><line number="21" hits="2263"/><line number="25" hits="2263"/><line number="27" hits="9"/><line number="28" hits="36"/><line number="29" hits="3"/><line number="30" hits="0"/><line number="31" hits="42"/><line number="35" hits="257"/><line number="36" hits="1028"/><line number="37" hits="0"/><line number="38" hits="0"/><line number="40" hits="256"/><line number="43" hits="1306"/><line number="45" hits="105"/><line number="48" hits="447"/><line number="49" hits="447"/><line number="51" hits="813"/><line number="54" hits="256"/><line number="57" hits="1"/><line number="61" hits="301"/><line number="62" hits="301"/><line number="63" hits="29"/><line number="70" hits="4526"/><line number="72" hits="27"/><line number="77" hits="0"/><line number="81" hits="3"/><line number="86" hits="0"/><line number="89" hits="33"/><line number="90" hits="32"/><line number="92" hits="30"/><line number="93" hits="40"/><line number="94" hits="50"/><line number="95" hits="30"/><line number="96" hits="40"/><line number="100" hits="1"/><line number="105" hits="11"/><line number="106" hits="25"/><line number="107" hits="125"/><line number="110" hits="11"/><line number="115" hits="3343"/><line number="119" hits="3309"/><line number="123" hits="1869"/><line number="127" hits="813"/><line number="131" hits="825"/><line number="135" hits="781"/><line number="139" hits="1020"/><line number="141" hits="510"/><line number="142" hits="44"/><line number="144" hits="72"/><line number="145" hits="50"/><line number="146" hits="28"/><line number="147" hits="7"/><line number="148" hits="14"/><line number="149" hits="14"/><line number="150" hits="6"/><line number="151" hits="28"/><line number="155" hits="2"/><line number="156" hits="4"/><line number="157" hits="4"/><line number="158" hits="1"/><line number="159" hits="2"/><line number="162" hits="3"/><line number="163" hits="0"/><line number="165" hits="1"/><line number="168" hits="5"/><line number="169" hits="4"/><line number="170" hits="4"/><line number="171" hits="1"/><line number="172" hits="1"/><line number="183" hits="254"/><line number="184" hits="1250"/><line number="186" hits="4"/><line number="187" hits="0"/><line number="191" hits="4"/><line number="196" hits="3299"/><line number="200" hits="4351"/><line number="204" hits="116"/><line number="208" hits="103"/><line number="212" hits="75"/><line number="216" hits="75"/><line number="217" hits="75"/><line number="218" hits="120"/><line number="220" hits="100"/><line number="221" hits="19"/><line number="222" hits="3"/><line number="223" hits="0"/><line number="225" hits="40"/><line number="228" hits="15"/><line number="229" hits="3"/><line number="232" hits="17"/><line number="241" hits="8"/><line number="244" hits="2"/><line number="248" hits="169"/><line number="254" hits="147"/><line number="259" hits="40"/><line number="260" hits="164"/><line number="261" hits="82"/><line number="263" hits="0"/><line number="266" hits="1"/><line number="272" hits="37"/><line number="273" hits="37"/><line number="274" hits="0"/><line number="277" hits="9"/><line number="278" hits="0"/><line number="281" hits="3"/><line number="285" hits="0"/><line number="288" hits="35"/><line number="289" hits="0"/><line number="290" hits="37"/><line number="291" hits="50"/><line number="292" hits="30"/><line number="293" hits="50"/><line number="295" hits="51"/><line number="296" hits="21"/><line number="298" hits="32"/><line number="300" hits="13"/><line number="302" hits="28"/><line number="304" hits="6"/><line number="306" hits="20"/><line number="307" hits="16"/><line number="309" hits="2"/><line number="315" hits="8"/><line number="316" hits="4"/><line number="317" hits="7"/><line number="318" hits="3"/><line number="319" hits="6"/><line number="320" hits="6"/><line number="321" hits="15"/><line number="325" hits="2"/><line number="333" hits="47"/><line number="334" hits="94"/><line number="335" hits="0"/><line number="338" hits="47"/><line number="340" hits="0"/><line number="344" hits="1"/><line number="350" hits="140"/><line number="352" hits="11"/><line number="355" hits="35"/><line number="356" hits="67"/><line number="361" hits="12"/><line number="362" hits="15"/><line number="363" hits="18"/><line number="364" hits="9"/><line number="365" hits="18"/><line number="366" hits="18"/><line number="367" hits="6"/><line number="369" hits="61"/><line number="375" hits="12"/><line number="376" hits="15"/><line number="377" hits="18"/><line number="380" hits="9"/><line number="381" hits="9"/><line number="382" hits="15"/><line number="383" hits="18"/><line number="384" hits="15"/><line number="385" hits="9"/><line number="386" hits="18"/><line number="389" hits="9"/><line number="390" hits="18"/><line number="391" hits="18"/><line number="392" hits="6"/><line number="394" hits="29"/><line number="401" hits="271"/><line number="402" hits="542"/><line number="403" hits="0"/><line number="408" hits="11"/><line number="412" hits="772"/><line number="413" hits="3088"/><line number="414" hits="194"/><line number="415" hits="256"/><line number="416" hits="2302"/><line number="421" hits="30"/><line number="422" hits="90"/><line number="423" hits="0"/><line number="425" hits="60"/><line number="427" hits="36"/><line number="429" hits="12"/><line number="430" hits="30"/><line number="431" hits="27"/><line number="432" hits="6"/><line number="433" hits="0"/><line number="436" hits="0"/><line number="441" hits="8"/><line number="442" hits="20"/><line number="444" hits="5"/><line number="446" hits="3"/><line number="450" hits="24"/><line number="452" hits="8"/><line number="455" hits="0"/><line number="457" hits="2"/><line number="465" hits="444"/><line number="466" hits="245"/><line number="469" hits="75"/><line number="470" hits="75"/><line number="473" hits="60"/><line number="476" hits="75"/><line number="477" hits="75"/><line number="484" hits="14"/><line number="495" hits="268"/><line number="498" hits="268"/><line number="499" hits="536"/><line number="501" hits="20"/><line number="502" hits="10"/><line number="503" hits="10"/><line number="504" hits="21"/><line number="505" hits="20"/><line number="512" hits="263"/><line number="515" hits="1349"/><line number="516" hits="1086"/><line number="517" hits="1008"/><line number="518" hits="252"/><line number="519" hits="504"/><line number="520" hits="245"/><line number="521" hits="1008"/><line number="524" hits="14"/><line number="525" hits="0"/><line number="526" hits="7"/><line number="532" hits="536"/><line number="534" hits="526"/><line number="536" hits="7"/><line number="537" hits="7"/><line number="538" hits="35"/><line number="539" hits="0"/><line number="541" hits="7"/><line number="544" hits="0"/><line number="548" hits="1340"/><line number="550" hits="9"/><line number="553" hits="7"/><line number="554" hits="14"/><line number="555" hits="10"/><line number="559" hits="5"/><line number="561" hits="3"/><line number="564" hits="4"/><line number="565" hits="8"/><line number="566" hits="8"/><line number="567" hits="10"/><line number="568" hits="4"/><line number="569" hits="0"/><line number="570" hits="0"/><line number="572" hits="2"/><line number="575" hits="6"/><line number="582" hits="2"/><line number="584" hits="2"/><line number="589" hits="27"/><line number="591" hits="30"/><line number="595" hits="5"/><line number="596" hits="5"/><line number="597" hits="0"/><line number="598" hits="0"/><line number="599" hits="5"/><line number="600" hits="12"/><line number="601" hits="15"/><line number="603" hits="2"/><line number="610" hits="0"/><line number="619" hits="1076"/><line number="620" hits="2152"/><line number="621" hits="0"/><line number="627" hits="3450"/><line number="628" hits="13800"/><line number="629" hits="261"/><line number="630" hits="592"/><line number="632" hits="767"/><line number="634" hits="1536"/><line number="636" hits="764"/><line number="637" hits="5"/><line number="638" hits="2313"/><line number="641" hits="767"/><line number="644" hits="2448"/><line number="650" hits="2170"/><line number="651" hits="4340"/><line number="654" hits="4340"/><line number="655" hits="1739"/><line number="659" hits="1725"/><line number="660" hits="1725"/><line number="664" hits="3465"/><line number="665" hits="1740"/><line number="666" hits="3480"/><line number="671" hits="0"/><line number="674" hits="1725"/><line number="675" hits="3450"/><line number="678" hits="6900"/><line number="679" hits="6900"/><line number="681" hits="1842"/><line number="684" hits="585"/><line number="685" hits="117"/><line number="686" hits="0"/><line number="689" hits="234"/><line number="691" hits="115"/><line number="696" hits="4"/><line number="697" hits="5"/><line number="699" hits="114"/><line number="710" hits="961"/><line number="714" hits="2060"/><line number="716" hits="2715"/><line number="717" hits="13552"/><line number="718" hits="2912"/><line number="719" hits="4368"/><line number="720" hits="11646"/><line number="723" hits="1259"/><line number="726" hits="1260"/><line number="727" hits="6277"/><line number="728" hits="2456"/><line number="729" hits="3684"/><line number="730" hits="9824"/><line number="733" hits="32"/><line number="737" hits="1446"/><line number="738" hits="1446"/><line number="739" hits="0"/><line number="744" hits="693"/><line number="745" hits="693"/><line number="746" hits="0"/><line number="748" hits="693"/><line number="749" hits="0"/><line number="751" hits="2079"/><line number="752" hits="693"/><line number="753" hits="693"/><line number="754" hits="693"/><line number="756" hits="693"/><line number="757" hits="0"/><line number="759" hits="693"/><line number="762" hits="693"/><line number="767" hits="97"/><line number="768" hits="97"/><line number="769" hits="97"/><line number="774" hits="0"/><line number="777" hits="1446"/><line number="778" hits="1446"/><line number="780" hits="0"/><line number="785" hits="6180"/><line number="786" hits="6180"/><line number="787" hits="6180"/><line number="790" hits="3012"/><line number="798" hits="12048"/><line number="799" hits="104"/><line number="800" hits="208"/><line number="801" hits="104"/><line number="803" hits="298"/><line number="804" hits="447"/><line number="805" hits="149"/><line number="808" hits="120"/><line number="809" hits="10"/><line number="810" hits="10"/><line number="811" hits="20"/><line number="812" hits="11"/><line number="813" hits="11"/><line number="815" hits="9"/><line number="819" hits="2712"/><line number="821" hits="2711"/><line number="823" hits="26"/><line number="826" hits="1445"/><line number="827" hits="1445"/><line number="828" hits="1240"/><line number="829" hits="1217"/><line number="830" hits="1217"/><line number="832" hits="23"/><line number="835" hits="1"/><line number="838" hits="17"/><line number="842" hits="6180"/><line number="844" hits="961"/><line number="845" hits="1913"/><line number="846" hits="11478"/><line number="847" hits="1913"/><line number="848" hits="39"/><line number="853" hits="7693"/><line number="856" hits="2060"/><line number="857" hits="76"/><line number="859" hits="2518"/><line number="860" hits="0"/><line number="865" hits="424"/><line number="866" hits="848"/><line number="867" hits="1060"/><line number="868" hits="636"/><line number="869" hits="925"/><line number="870" hits="2852"/><line number="872" hits="713"/><line number="876" hits="0"/><line number="883" hits="0"/><line number="884" hits="713"/><line number="885" hits="12"/><line number="886" hits="15"/><line number="888" hits="710"/><line number="893" hits="212"/><line number="899" hits="432"/><line number="900" hits="864"/><line number="901" hits="1080"/><line number="902" hits="648"/><line number="903" hits="949"/><line number="904" hits="2932"/><line number="906" hits="733"/><line number="910" hits="0"/><line number="917" hits="1"/><line number="918" hits="732"/><line number="919" hits="4"/><line number="920" hits="5"/><line number="922" hits="731"/><line number="927" hits="216"/><line number="939" hits="1097"/><line number="940" hits="2194"/><line number="941" hits="0"/><line number="946" hits="1072"/><line number="947" hits="5411"/><line number="948" hits="25"/><line number="952" hits="1072"/><line number="953" hits="5348"/><line number="954" hits="1058"/><line number="955" hits="1587"/><line number="956" hits="4232"/><line number="959" hits="543"/><line number="961" hits="543"/><line number="962" hits="2703"/><line number="963" hits="1062"/><line number="964" hits="1593"/><line number="965" hits="4248"/><line number="968" hits="12"/><line number="971" hits="4288"/><line number="972" hits="4288"/><line number="974" hits="1868"/><line number="975" hits="1868"/><line number="977" hits="529"/><line number="987" hits="1339"/><line number="993" hits="2116"/><line number="997" hits="1713"/><line number="998" hits="1713"/><line number="1000" hits="531"/><line number="1010" hits="1182"/><line number="1016" hits="2124"/><line number="1025" hits="535"/><line number="1026" hits="1070"/><line number="1027" hits="0"/><line number="1037" hits="2608"/><line number="1038" hits="4212"/><line number="1039" hits="196"/><line number="1040" hits="196"/><line number="1042" hits="453"/><line number="1043" hits="453"/><line number="1046" hits="771"/><line number="1048" hits="771"/><line number="1049" hits="766"/><line number="1050" hits="760"/><line number="1051" hits="3060"/><line number="1054" hits="2280"/><line number="1055" hits="6080"/><line number="1057" hits="2245"/><line number="1058" hits="495"/><line number="1059" hits="1555"/><line number="1060" hits="265"/><line number="1062" hits="0"/><line number="1070" hits="66"/><line number="1074" hits="22"/><line number="1079" hits="1004"/><line number="1080" hits="495"/><line number="1082" hits="792"/><line number="1083" hits="0"/><line number="1087" hits="672"/><line number="1088" hits="672"/><line number="1090" hits="1320"/><line number="1091" hits="1056"/><line number="1092" hits="1320"/><line number="1093" hits="1056"/><line number="1097" hits="0"/><line number="1098" hits="0"/><line number="1099" hits="0"/><line number="1100" hits="0"/><line number="1114" hits="408"/><line number="1122" hits="264"/><line number="1125" hits="264"/><line number="1127" hits="0"/><line number="1138" hits="271"/><line number="1139" hits="542"/><line number="1140" hits="0"/><line number="1146" hits="764"/><line number="1147" hits="1528"/><line number="1149" hits="750"/><line number="1150" hits="255"/><line number="1151" hits="723"/><line number="1152" hits="1926"/><line number="1154" hits="240"/><line number="1158" hits="10"/><line number="1161" hits="244"/><line number="1163" hits="244"/><line number="1164" hits="232"/><line number="1168" hits="12"/><line number="1170" hits="270"/><line number="1176" hits="1040"/><line number="1177" hits="1300"/><line number="1178" hits="1300"/><line number="1180" hits="520"/><line number="1181" hits="0"/><line number="1183" hits="0"/><line number="1194" hits="271"/><line number="1207" hits="37"/><line number="1209" hits="74"/><line number="1210" hits="0"/><line number="1217" hits="18"/><line number="1218" hits="18"/><line number="1223" hits="38"/><line number="1224" hits="15"/><line number="1226" hits="60"/><line number="1229" hits="23"/><line number="1230" hits="60"/><line number="1232" hits="28"/><line number="1234" hits="27"/><line number="1235" hits="60"/><line number="1237" hits="12"/><line number="1239" hits="30"/><line number="1241" hits="12"/><line number="1242" hits="9"/><line number="1243" hits="18"/><line number="1244" hits="15"/><line number="1245" hits="6"/><line number="1249" hits="5"/><line number="1252" hits="28"/><line number="1256" hits="4"/><line number="1257" hits="3"/><line number="1258" hits="6"/><line number="1259" hits="5"/><line number="1260" hits="3"/><line number="1261" hits="6"/><line number="1262" hits="2"/><line number="1266" hits="1"/><line number="1272" hits="14"/><line number="1277" hits="11"/><line number="1284" hits="13"/><line number="1285" hits="44"/><line number="1288" hits="9"/><line number="1289" hits="0"/><line number="1290" hits="2"/><line number="1293" hits="2"/><line number="1295" hits="0"/><line number="1299" hits="11"/><line number="1300" hits="11"/><line number="1301" hits="0"/><line number="1302" hits="0"/><line number="1306" hits="11"/><line number="1308" hits="0"/><line number="1309" hits="0"/><line number="1319" hits="0"/><line number="1329" hits="2"/><line number="1330" hits="3"/><line number="1332" hits="0"/><line number="1334" hits="5"/><line number="1338" hits="4"/><line number="1339" hits="3"/><line number="1340" hits="3"/><line number="1341" hits="6"/><line number="1342" hits="5"/><line number="1345" hits="5"/><line number="1346" hits="6"/><line number="1348" hits="5"/><line number="1349" hits="3"/><line number="1350" hits="6"/><line number="1351" hits="6"/><line number="1354" hits="3"/><line number="1355" hits="5"/><line number="1356" hits="6"/><line number="1359" hits="5"/><line number="1362" hits="6"/><line number="1365" hits="6"/><line number="1366" hits="2"/><line number="1370" hits="0"/><line number="1376" hits="32"/><line number="1378" hits="64"/><line number="1379" hits="0"/><line number="1383" hits="0"/><line number="1389" hits="18"/><line number="1390" hits="18"/><line number="1394" hits="28"/><line number="1395" hits="4"/><line number="1400" hits="0"/><line number="1404" hits="17"/><line number="1405" hits="2"/><line number="1406" hits="11"/><line number="1407" hits="14"/><line number="1409" hits="2"/><line number="1413" hits="8"/><line number="1414" hits="8"/><line number="1415" hits="0"/><line number="1416" hits="0"/><line number="1421" hits="8"/><line number="1423" hits="0"/><line number="1424" hits="0"/><line number="1425" hits="0"/><line number="1426" hits="0"/><line number="1427" hits="0"/><line number="1428" hits="0"/><line number="1429" hits="0"/><line number="1430" hits="0"/><line number="1431" hits="0"/><line number="1434" hits="0"/><line number="1435" hits="8"/><line number="1437" hits="8"/><line number="1439" hits="0"/><line number="1445" hits="0"/><line number="1450" hits="32"/><line number="1452" hits="0"/><line number="1454" hits="32"/><line number="1455" hits="0"/><line number="1464" hits="16"/><line number="1465" hits="28"/><line number="1468" hits="7"/><line number="1469" hits="25"/><line number="1470" hits="5"/><line number="1477" hits="6"/><line number="1498" hits="11"/><line number="1499" hits="22"/><line number="1502" hits="3"/><line number="1503" hits="1"/><line number="1504" hits="3"/><line number="1505" hits="8"/><line number="1507" hits="2"/><line number="1511" hits="0"/><line number="1515" hits="0"/><line number="1519" hits="0"/><line number="1520" hits="0"/><line number="1521" hits="0"/><line number="1524" hits="0"/><line number="1525" hits="0"/><line number="1527" hits="0"/><line number="1528" hits="0"/><line number="1529" hits="0"/><line number="1530" hits="0"/><line number="1532" hits="0"/><line number="1533" hits="0"/><line number="1537" hits="0"/><line number="1540" hits="0"/><line number="1543" hits="0"/><line number="1547" hits="0"/><line number="1549" hits="10"/><line number="1554" hits="11"/><line number="1555" hits="48"/><line number="1556" hits="8"/><line number="1557" hits="12"/><line number="1558" hits="32"/><line number="1561" hits="7"/><line number="1565" hits="7"/><line number="1566" hits="14"/><line number="1567" hits="1"/><line number="1569" hits="4"/><line number="1570" hits="1"/><line number="1571" hits="4"/><line number="1572" hits="5"/><line number="1575" hits="6"/><line number="1579" hits="25"/><line number="1581" hits="50"/><line number="1582" hits="0"/><line number="1588" hits="13"/><line number="1589" hits="13"/><line number="1593" hits="0"/><line number="1594" hits="48"/><line number="1597" hits="0"/><line number="1600" hits="0"/><line number="1602" hits="0"/><line number="1604" hits="0"/><line number="1606" hits="12"/><line number="1609" hits="0"/><line number="1610" hits="0"/><line number="1611" hits="0"/><line number="1613" hits="0"/><line number="1614" hits="0"/><line number="1616" hits="0"/><line number="1617" hits="0"/><line number="1618" hits="0"/><line number="1619" hits="0"/><line number="1620" hits="0"/><line number="1621" hits="0"/><line number="1622" hits="0"/><line number="1624" hits="0"/><line number="1626" hits="0"/><line number="1627" hits="0"/><line number="1628" hits="0"/><line number="1629" hits="0"/><line number="1630" hits="0"/><line number="1631" hits="0"/><line number="1632" hits="0"/><line number="1634" hits="0"/></lines></class><class name="limit" filename="crates/calculus/src/limit.rs" line-rate="0.4392523364485981" branch-rate="0" complexity="0"><methods/><lines><line number="42" hits="10"/><line number="44" hits="21"/><line number="48" hits="9"/><line number="49" hits="0"/><line number="50" hits="28"/><line number="51" hits="8"/><line number="56" hits="0"/><line number="61" hits="0"/><line number="66" hits="0"/><line number="70" hits="26"/><line number="71" hits="52"/><line number="74" hits="21"/><line number="77" hits="0"/><line number="81" hits="27"/><line number="84" hits="9"/><line number="85" hits="7"/><line number="87" hits="2"/><line number="91" hits="0"/><line number="94" hits="0"/><line number="99" hits="1"/><line number="102" hits="5"/><line number="103" hits="12"/><line number="104" hits="4"/><line number="105" hits="4"/><line number="106" hits="0"/><line number="109" hits="1"/><line number="113" hits="9"/><line number="114" hits="6"/><line number="116" hits="15"/><line number="117" hits="36"/><line number="118" hits="12"/><line number="119" hits="12"/><line number="120" hits="0"/><line number="123" hits="3"/><line number="126" hits="9"/><line number="127" hits="3"/><line number="128" hits="0"/><line number="138" hits="9"/><line number="140" hits="0"/><line number="148" hits="3"/><line number="149" hits="1"/><line number="150" hits="2"/><line number="151" hits="0"/><line number="155" hits="0"/><line number="158" hits="0"/><line number="160" hits="0"/><line number="161" hits="0"/><line number="162" hits="0"/><line number="163" hits="0"/><line number="166" hits="0"/><line number="168" hits="0"/><line number="170" hits="0"/><line number="172" hits="0"/><line number="175" hits="0"/><line number="178" hits="0"/><line number="181" hits="0"/><line number="186" hits="2"/><line number="188" hits="4"/><line number="189" hits="0"/><line number="191" hits="0"/><line number="194" hits="0"/><line number="197" hits="2"/><line number="199" hits="0"/><line number="202" hits="0"/><line number="203" hits="0"/><line number="208" hits="6"/><line number="210" hits="12"/><line number="211" hits="5"/><line number="213" hits="0"/><line number="216" hits="0"/><line number="220" hits="0"/><line number="222" hits="0"/><line number="223" hits="1"/><line number="224" hits="1"/><line number="225" hits="0"/><line number="226" hits="1"/><line number="227" hits="1"/><line number="229" hits="0"/><line number="232" hits="0"/><line number="233" hits="0"/><line number="234" hits="0"/><line number="235" hits="0"/><line number="236" hits="0"/><line number="237" hits="0"/><line number="239" hits="0"/><line number="242" hits="0"/><line number="247" hits="3"/><line number="248" hits="6"/><line number="249" hits="0"/><line number="252" hits="0"/><line number="254" hits="0"/><line number="255" hits="0"/><line number="256" hits="0"/><line number="258" hits="0"/><line number="260" hits="0"/><line number="264" hits="0"/><line number="266" hits="0"/><line number="268" hits="0"/><line number="269" hits="0"/><line number="272" hits="0"/><line number="275" hits="0"/><line number="277" hits="0"/><line number="279" hits="5"/><line number="280" hits="1"/><line number="282" hits="6"/><line number="283" hits="2"/><line number="285" hits="0"/></lines></class><class name="risch" filename="crates/calculus/src/risch.rs" line-rate="0.49382716049382713" branch-rate="0" complexity="0"><methods/><lines><line number="41" hits="3"/><line number="42" hits="6"/><line number="44" hits="4"/><line number="47" hits="4"/><line number="48" hits="2"/><line number="49" hits="2"/><line number="51" hits="4"/><line number="52" hits="1"/><line number="55" hits="1"/><line number="57" hits="4"/><line number="58" hits="1"/><line number="61" hits="0"/><line number="65" hits="0"/><line number="67" hits="1"/><line number="72" hits="14"/><line number="73" hits="56"/><line number="74" hits="10"/><line number="75" hits="1"/><line number="76" hits="29"/><line number="86" hits="2"/><line number="88" hits="10"/><line number="91" hits="6"/><line number="92" hits="10"/><line number="93" hits="8"/><line number="99" hits="59"/><line number="100" hits="118"/><line number="102" hits="116"/><line number="103" hits="22"/><line number="104" hits="22"/><line number="107" hits="47"/><line number="109" hits="1"/><line number="116" hits="2"/><line number="117" hits="4"/><line number="119" hits="2"/><line number="120" hits="1"/><line number="121" hits="2"/><line number="124" hits="0"/><line number="126" hits="1"/><line number="136" hits="57"/><line number="138" hits="228"/><line number="148" hits="0"/><line number="151" hits="10"/><line number="153" hits="40"/><line number="154" hits="40"/><line number="156" hits="0"/><line number="158" hits="0"/><line number="159" hits="0"/><line number="163" hits="0"/><line number="176" hits="0"/><line number="179" hits="0"/><line number="181" hits="0"/><line number="182" hits="0"/><line number="183" hits="0"/><line number="184" hits="0"/><line number="187" hits="0"/><line number="188" hits="0"/><line number="190" hits="0"/><line number="193" hits="0"/><line number="196" hits="0"/><line number="201" hits="0"/><line number="212" hits="0"/><line number="213" hits="0"/><line number="216" hits="0"/><line number="217" hits="0"/><line number="218" hits="0"/><line number="219" hits="0"/><line number="220" hits="0"/><line number="225" hits="0"/><line number="226" hits="0"/><line number="227" hits="0"/><line number="228" hits="0"/><line number="229" hits="0"/><line number="232" hits="0"/><line number="233" hits="0"/><line number="238" hits="0"/><line number="240" hits="0"/><line number="241" hits="0"/><line number="242" hits="0"/><line number="243" hits="0"/><line number="244" hits="0"/><line number="249" hits="0"/></lines></class><class name="series" filename="crates/calculus/src/series.rs" line-rate="0.8771929824561403" branch-rate="0" complexity="0"><methods/><lines><line number="13" hits="11"/><line number="14" hits="22"/><line number="17" hits="9"/><line number="18" hits="36"/><line number="19" hits="9"/><line number="23" hits="8"/><line number="24" hits="32"/><line number="25" hits="24"/><line number="29" hits="11"/><line number="30" hits="44"/><line number="31" hits="22"/><line number="32" hits="11"/><line number="37" hits="1"/><line number="38" hits="3"/><line number="39" hits="8"/><line number="40" hits="1"/><line number="42" hits="1"/><line number="45" hits="28"/><line number="46" hits="56"/><line number="47" hits="112"/><line number="48" hits="299"/><line number="56" hits="2"/><line number="57" hits="4"/><line number="58" hits="8"/><line number="59" hits="18"/><line number="67" hits="40"/><line number="68" hits="80"/><line number="69" hits="160"/><line number="70" hits="425"/><line number="71" hits="1030"/><line number="81" hits="5"/><line number="82" hits="15"/><line number="83" hits="1"/><line number="89" hits="28"/><line number="91" hits="17"/><line number="92" hits="102"/><line number="93" hits="68"/><line number="100" hits="24"/><line number="101" hits="48"/><line number="102" hits="96"/><line number="103" hits="260"/><line number="128" hits="7"/><line number="129" hits="14"/><line number="130" hits="56"/><line number="131" hits="10"/><line number="132" hits="3"/><line number="133" hits="3"/><line number="134" hits="3"/><line number="135" hits="3"/><line number="137" hits="0"/><line number="141" hits="1"/><line number="142" hits="3"/><line number="143" hits="15"/><line number="146" hits="1"/><line number="149" hits="4"/><line number="150" hits="10"/><line number="151" hits="20"/><line number="154" hits="2"/><line number="157" hits="4"/><line number="158" hits="2"/><line number="159" hits="2"/><line number="160" hits="4"/><line number="161" hits="3"/><line number="162" hits="5"/><line number="165" hits="2"/><line number="166" hits="2"/><line number="170" hits="0"/><line number="173" hits="1"/><line number="177" hits="8"/><line number="178" hits="32"/><line number="179" hits="9"/><line number="180" hits="0"/><line number="181" hits="2"/><line number="182" hits="2"/><line number="183" hits="2"/><line number="185" hits="0"/><line number="189" hits="1"/><line number="190" hits="3"/><line number="191" hits="15"/><line number="192" hits="2"/><line number="193" hits="2"/><line number="196" hits="1"/><line number="199" hits="2"/><line number="200" hits="5"/><line number="201" hits="10"/><line number="203" hits="0"/><line number="207" hits="1"/><line number="210" hits="4"/><line number="211" hits="2"/><line number="212" hits="2"/><line number="213" hits="4"/><line number="214" hits="3"/><line number="215" hits="5"/><line number="217" hits="0"/><line number="219" hits="1"/><line number="222" hits="0"/><line number="225" hits="0"/><line number="229" hits="7"/><line number="230" hits="5"/><line number="231" hits="12"/><line number="232" hits="1"/><line number="234" hits="8"/><line number="235" hits="2"/><line number="236" hits="1"/><line number="237" hits="3"/><line number="238" hits="0"/><line number="240" hits="1"/><line number="241" hits="0"/><line number="251" hits="23"/><line number="252" hits="46"/><line number="254" hits="9"/><line number="257" hits="0"/><line number="261" hits="0"/><line number="264" hits="0"/><line number="267" hits="24"/><line number="268" hits="32"/><line number="269" hits="0"/><line number="272" hits="2"/><line number="273" hits="4"/><line number="274" hits="24"/><line number="277" hits="2"/><line number="280" hits="3"/><line number="281" hits="5"/><line number="282" hits="12"/><line number="285" hits="1"/><line number="288" hits="9"/><line number="289" hits="9"/><line number="290" hits="14"/><line number="291" hits="10"/><line number="292" hits="1"/><line number="294" hits="6"/><line number="295" hits="12"/><line number="296" hits="4"/><line number="297" hits="4"/><line number="303" hits="24"/><line number="304" hits="12"/><line number="306" hits="0"/><line number="309" hits="0"/><line number="312" hits="6"/><line number="315" hits="3"/><line number="316" hits="0"/><line number="320" hits="7"/><line number="321" hits="21"/><line number="325" hits="5"/><line number="326" hits="6"/><line number="327" hits="0"/><line number="331" hits="8"/><line number="332" hits="16"/><line number="333" hits="8"/><line number="334" hits="2"/><line number="336" hits="6"/><line number="341" hits="3"/><line number="342" hits="3"/><line number="343" hits="0"/><line number="348" hits="5"/><line number="349" hits="10"/><line number="350" hits="5"/><line number="351" hits="1"/><line number="353" hits="4"/><line number="354" hits="1"/><line number="356" hits="3"/><line number="361" hits="2"/><line number="362" hits="6"/><line number="363" hits="1"/><line number="369" hits="6"/><line number="370" hits="7"/><line number="371" hits="6"/><line number="377" hits="0"/><line number="382" hits="0"/><line number="387" hits="16"/><line number="388" hits="48"/></lines></class></classes></package><package name="crates/io/src" line-rate="0.8637532133676092" branch-rate="0" complexity="0"><classes><class name="json" filename="crates/io/src/json.rs" line-rate="0.8087431693989071" branch-rate="0" complexity="0"><methods/><lines><line number="14" hits="274"/><line number="15" hits="703"/><line number="17" hits="2109"/><line number="19" hits="2858"/><line number="20" hits="11432"/><line number="21" hits="5716"/><line number="22" hits="2775"/><line number="23" hits="294"/><line number="24" hits="294"/><line number="26" hits="3500"/><line number="27" hits="3"/><line number="28" hits="30"/><line number="29" hits="12"/><line number="32" hits="3076"/><line number="36" hits="4728"/><line number="37" hits="788"/><line number="40" hits="1708"/><line number="41" hits="1708"/><line number="42" hits="854"/><line number="44" hits="0"/><line number="47" hits="822"/><line number="51" hits="313"/><line number="65" hits="313"/><line number="66" hits="313"/><line number="68" hits="89559"/><line number="69" hits="358236"/><line number="71" hits="51065"/><line number="72" hits="51065"/><line number="74" hits="30222"/><line number="75" hits="71920"/><line number="76" hits="5740"/><line number="77" hits="5740"/><line number="79" hits="30218"/><line number="83" hits="4068"/><line number="84" hits="8136"/><line number="85" hits="4068"/><line number="86" hits="8134"/><line number="87" hits="4067"/><line number="89" hits="1"/><line number="92" hits="4784"/><line number="93" hits="9568"/><line number="94" hits="4784"/><line number="95" hits="1"/><line number="97" hits="0"/><line number="98" hits="0"/><line number="99" hits="49807"/><line number="100" hits="0"/><line number="101" hits="0"/><line number="102" hits="4781"/><line number="103" hits="0"/><line number="104" hits="5"/><line number="105" hits="0"/><line number="106" hits="0"/><line number="108" hits="1"/><line number="111" hits="60357"/><line number="114" hits="1"/><line number="116" hits="1241"/><line number="117" hits="2482"/><line number="118" hits="2482"/><line number="119" hits="1565"/><line number="120" hits="324"/><line number="122" hits="2482"/><line number="123" hits="5071"/><line number="124" hits="1295"/><line number="125" hits="1295"/><line number="126" hits="1295"/><line number="128" hits="1240"/><line number="131" hits="1241"/><line number="132" hits="0"/><line number="134" hits="6205"/><line number="135" hits="3725"/><line number="137" hits="6115"/><line number="138" hits="12230"/><line number="139" hits="12230"/><line number="140" hits="0"/><line number="141" hits="3491"/><line number="142" hits="0"/><line number="143" hits="0"/><line number="144" hits="0"/><line number="145" hits="8"/><line number="146" hits="4"/><line number="148" hits="0"/><line number="149" hits="12207"/><line number="150" hits="0"/><line number="151" hits="1"/><line number="152" hits="8134"/><line number="153" hits="0"/><line number="154" hits="0"/><line number="155" hits="0"/><line number="156" hits="582"/><line number="157" hits="582"/><line number="159" hits="0"/><line number="160" hits="3475"/><line number="161" hits="0"/><line number="163" hits="1"/><line number="166" hits="0"/><line number="168" hits="0"/><line number="169" hits="1326"/><line number="170" hits="1326"/><line number="171" hits="1326"/><line number="172" hits="663"/><line number="173" hits="6"/><line number="174" hits="3"/><line number="176" hits="0"/><line number="177" hits="5205"/><line number="178" hits="0"/><line number="179" hits="0"/><line number="180" hits="0"/><line number="181" hits="1075"/><line number="182" hits="1075"/><line number="184" hits="0"/><line number="185" hits="658"/><line number="186" hits="0"/><line number="188" hits="1"/><line number="191" hits="0"/><line number="193" hits="1432"/><line number="194" hits="3406"/><line number="195" hits="5"/><line number="200" hits="2884"/><line number="201" hits="2884"/><line number="202" hits="2881"/><line number="205" hits="2"/><line number="209" hits="924"/><line number="210" hits="923"/><line number="211" hits="1"/><line number="213" hits="2109"/><line number="214" hits="154"/><line number="217" hits="604"/><line number="218" hits="302"/><line number="219" hits="302"/><line number="220" hits="303"/><line number="223" hits="1"/><line number="226" hits="150"/><line number="227" hits="299"/><line number="230" hits="1"/><line number="233" hits="0"/><line number="236" hits="454"/><line number="239" hits="0"/><line number="241" hits="2502"/><line number="242" hits="700"/><line number="243" hits="1"/><line number="245" hits="1109"/><line number="246" hits="9"/><line number="249" hits="24"/><line number="250" hits="12"/><line number="251" hits="12"/><line number="252" hits="13"/><line number="255" hits="1"/><line number="258" hits="5"/><line number="259" hits="9"/><line number="262" hits="1"/><line number="265" hits="0"/><line number="268" hits="14"/><line number="269" hits="5"/><line number="271" hits="11"/><line number="272" hits="20"/><line number="274" hits="3"/><line number="276" hits="0"/><line number="278" hits="1354"/><line number="279" hits="261"/><line number="281" hits="2133"/><line number="282" hits="4680"/><line number="284" hits="261"/><line number="286" hits="2"/><line number="288" hits="1223"/><line number="289" hits="394"/><line number="291" hits="1970"/><line number="292" hits="3940"/><line number="294" hits="394"/><line number="296" hits="1"/><line number="298" hits="864"/><line number="299" hits="431"/><line number="302" hits="856"/><line number="304" hits="429"/><line number="305" hits="854"/><line number="306" hits="0"/><line number="309" hits="860"/><line number="310" hits="855"/><line number="313" hits="0"/><line number="315" hits="2"/><line number="318" hits="3"/><line number="322" hits="939"/><line number="323" hits="939"/></lines></class><class name="latex" filename="crates/io/src/latex.rs" line-rate="0.9444444444444444" branch-rate="0" complexity="0"><methods/><lines><line number="7" hits="267"/><line number="8" hits="5024"/><line number="9" hits="5024"/><line number="10" hits="1219"/><line number="11" hits="427"/><line number="12" hits="992"/><line number="13" hits="2386"/><line number="16" hits="496"/><line number="17" hits="992"/><line number="19" hits="732"/><line number="21" hits="2196"/><line number="23" hits="426"/><line number="24" hits="852"/><line number="27" hits="3074"/><line number="28" hits="12296"/><line number="29" hits="9222"/><line number="30" hits="3027"/><line number="31" hits="584"/><line number="32" hits="2196"/><line number="33" hits="5"/><line number="34" hits="10"/><line number="35" hits="7"/><line number="36" hits="4"/><line number="37" hits="3"/><line number="38" hits="2"/><line number="39" hits="0"/><line number="41" hits="45"/><line number="42" hits="10"/><line number="44" hits="260"/><line number="45" hits="260"/><line number="47" hits="4790"/><line number="51" hits="852"/><line number="52" hits="426"/><line number="54" hits="1278"/><line number="55" hits="3408"/><line number="57" hits="3408"/><line number="58" hits="1703"/><line number="59" hits="2"/><line number="61" hits="851"/><line number="65" hits="852"/><line number="69" hits="992"/><line number="70" hits="992"/><line number="71" hits="1984"/><line number="73" hits="1984"/><line number="74" hits="2480"/><line number="75" hits="4"/><line number="77" hits="494"/><line number="79" hits="1984"/><line number="80" hits="992"/><line number="82" hits="0"/><line number="84" hits="6148"/><line number="85" hits="0"/><line number="87" hits="3074"/><line number="90" hits="801"/></lines></class><class name="sexpr" filename="crates/io/src/sexpr.rs" line-rate="0.9013157894736842" branch-rate="0" complexity="0"><methods/><lines><line number="13" hits="276"/><line number="14" hits="725"/><line number="15" hits="2977"/><line number="16" hits="1444"/><line number="18" hits="3"/><line number="22" hits="2888"/><line number="23" hits="11552"/><line number="24" hits="5776"/><line number="25" hits="2796"/><line number="26" hits="552"/><line number="27" hits="3580"/><line number="28" hits="9"/><line number="29" hits="78"/><line number="30" hits="36"/><line number="33" hits="3106"/><line number="37" hits="4779"/><line number="38" hits="796"/><line number="41" hits="1720"/><line number="42" hits="1720"/><line number="43" hits="860"/><line number="45" hits="0"/><line number="48" hits="828"/><line number="52" hits="305"/><line number="66" hits="305"/><line number="67" hits="305"/><line number="69" hits="40575"/><line number="70" hits="162300"/><line number="72" hits="19474"/><line number="73" hits="19474"/><line number="75" hits="11035"/><line number="76" hits="31009"/><line number="77" hits="4620"/><line number="78" hits="4620"/><line number="80" hits="10734"/><line number="84" hits="4881"/><line number="85" hits="9762"/><line number="86" hits="27651"/><line number="87" hits="8946"/><line number="88" hits="8946"/><line number="90" hits="4878"/><line number="93" hits="24405"/><line number="95" hits="7"/><line number="97" hits="14"/><line number="98" hits="14"/><line number="99" hits="110"/><line number="100" hits="0"/><line number="101" hits="0"/><line number="102" hits="0"/><line number="103" hits="3"/><line number="104" hits="0"/><line number="105" hits="0"/><line number="107" hits="1"/><line number="110" hits="4"/><line number="111" hits="144"/><line number="114" hits="2"/><line number="116" hits="11035"/><line number="117" hits="22070"/><line number="118" hits="22070"/><line number="119" hits="301"/><line number="120" hits="0"/><line number="121" hits="2926"/><line number="122" hits="0"/><line number="124" hits="0"/><line number="125" hits="5840"/><line number="126" hits="2920"/><line number="128" hits="17"/><line number="129" hits="10648"/><line number="130" hits="5300"/><line number="131" hits="1225"/><line number="132" hits="0"/><line number="134" hits="0"/><line number="135" hits="3657"/><line number="136" hits="27145"/><line number="137" hits="0"/><line number="141" hits="305"/><line number="142" hits="610"/><line number="143" hits="32804"/><line number="144" hits="0"/><line number="146" hits="301"/><line number="156" hits="301"/><line number="159" hits="16362"/><line number="160" hits="32724"/><line number="162" hits="10702"/><line number="163" hits="10702"/><line number="165" hits="3653"/><line number="166" hits="7306"/><line number="167" hits="3647"/><line number="168" hits="10941"/><line number="169" hits="7294"/><line number="170" hits="3647"/><line number="172" hits="3"/><line number="177" hits="3"/><line number="180" hits="1228"/><line number="181" hits="2456"/><line number="182" hits="1221"/><line number="187" hits="7"/><line number="190" hits="5828"/><line number="191" hits="17484"/><line number="193" hits="2922"/><line number="197" hits="5812"/><line number="198" hits="2906"/><line number="200" hits="0"/><line number="205" hits="2922"/><line number="206" hits="8766"/><line number="208" hits="5844"/><line number="209" hits="2906"/><line number="211" hits="807"/><line number="212" hits="3396"/><line number="213" hits="1908"/><line number="215" hits="801"/><line number="217" hits="2652"/><line number="218" hits="1197"/><line number="219" hits="3198"/><line number="220" hits="1600"/><line number="222" hits="1197"/><line number="224" hits="2253"/><line number="225" hits="1732"/><line number="226" hits="433"/><line number="229" hits="1820"/><line number="230" hits="2835"/><line number="233" hits="875"/><line number="234" hits="426"/><line number="235" hits="141"/><line number="238" hits="733"/><line number="239" hits="2163"/><line number="242" hits="12"/><line number="243" hits="30"/><line number="245" hits="48"/><line number="246" hits="20"/><line number="248" hits="36"/><line number="250" hits="2"/><line number="252" hits="0"/><line number="253" hits="2906"/><line number="256" hits="2931"/><line number="257" hits="5862"/><line number="258" hits="2922"/><line number="259" hits="1"/><line number="260" hits="2"/><line number="261" hits="2"/><line number="262" hits="2"/><line number="264" hits="1"/><line number="266" hits="3"/><line number="267" hits="2"/><line number="268" hits="2"/><line number="270" hits="1"/><line number="271" hits="3"/><line number="272" hits="2"/><line number="273" hits="2"/><line number="275" hits="6"/><line number="279" hits="1220"/><line number="281" hits="301"/><line number="283" hits="1"/></lines></class></classes></package><package name="crates/plot/src" line-rate="0.9558823529411765" branch-rate="0" complexity="0"><classes><class name="lib" filename="crates/plot/src/lib.rs" line-rate="0.9558823529411765" branch-rate="0" complexity="0"><methods/><lines><line number="23" hits="3"/><line number="24" hits="18"/><line number="30" hits="27"/><line number="31" hits="58"/><line number="32" hits="232"/><line number="33" hits="116"/><line number="34" hits="24"/><line number="35" hits="3"/><line number="36" hits="26"/><line number="37" hits="26"/><line number="38" hits="20"/><line number="40" hits="6"/><line number="44" hits="1"/><line number="45" hits="5"/><line number="46" hits="10"/><line number="48" hits="1"/><line number="51" hits="2"/><line number="52" hits="5"/><line number="53" hits="10"/><line number="55" hits="1"/><line number="58" hits="66"/><line number="59" hits="11"/><line number="62" hits="6"/><line number="63" hits="6"/><line number="64" hits="1"/><line number="66" hits="5"/><line number="67" hits="4"/><line number="68" hits="2"/><line number="69" hits="6"/><line number="70" hits="5"/><line number="71" hits="4"/><line number="72" hits="1"/><line number="76" hits="0"/><line number="79" hits="162"/><line number="81" hits="18"/><line number="83" hits="1"/><line number="89" hits="4"/><line number="90" hits="8"/><line number="91" hits="8"/><line number="92" hits="12"/><line number="93" hits="12"/><line number="94" hits="12"/><line number="97" hits="12"/><line number="98" hits="16"/><line number="99" hits="16"/><line number="100" hits="21"/><line number="108" hits="8"/><line number="109" hits="8"/><line number="110" hits="38"/><line number="111" hits="12"/><line number="112" hits="7"/><line number="113" hits="7"/><line number="115" hits="4"/><line number="116" hits="4"/><line number="120" hits="7"/><line number="122" hits="1"/><line number="125" hits="3"/><line number="126" hits="0"/><line number="127" hits="0"/><line number="131" hits="12"/><line number="132" hits="21"/><line number="133" hits="12"/><line number="141" hits="6"/><line number="143" hits="6"/><line number="147" hits="6"/><line number="153" hits="3"/><line number="159" hits="1"/><line number="160" hits="1"/></lines></class></classes></package><package name="fuzz/fuzz_targets" line-rate="0" branch-rate="0" complexity="0"><classes></classes></package><package name="crates/tests_e2e/tests" line-rate="0" branch-rate="0" complexity="0"><classes></classes></package><package name="crates/matrix/benches" line-rate="0" branch-rate="0" complexity="0"><classes></classes></package><package name="crates/calculus/tests" line-rate="1" branch-rate="0" complexity="0"><classes><class name="trig_proptests" filename="crates/calculus/tests/trig_proptests.rs" line-rate="1" branch-rate="0" complexity="0"><methods/><lines><line number="10" hits="7"/><line number="11" hits="4968"/><line number="15" hits="2"/><line number="16" hits="528"/><line number="60" hits="638"/><line number="82" hits="646"/><line number="105" hits="686"/><line number="106" hits="694"/><line number="128" hits="432"/></lines></class></classes></package><package name="crates/polys/tests" line-rate="1" branch-rate="0" complexity="0"><classes><class name="proptests" filename="crates/polys/tests/proptests.rs" line-rate="1" branch-rate="0" complexity="0"><methods/><lines><line number="8" hits="13"/><line number="10" hits="25865"/><line number="13" hits="11"/><line number="15" hits="7782"/><line number="18" hits="3"/><line number="19" hits="1811"/></lines></class></classes></package></packages></coverage>