<?xml version="1.0"?><coverage lines-covered="2213" lines-valid="2484" line-rate="0.8909017713365539" branches-covered="0" branches-valid="0" branch-rate="0" complexity="0" version="1.9" timestamp="1759724892"><sources><source>/Users/teo/Desktop/Symmetrica</source></sources><packages><package name="crates/api/tests" line-rate="0" branch-rate="0" complexity="0"><classes></classes></package><package name="crates/solver/tests" line-rate="0" branch-rate="0" complexity="0"><classes></classes></package><package name="crates/calculus/tests" line-rate="0" branch-rate="0" complexity="0"><classes></classes></package><package name="crates/io/tests" line-rate="1" branch-rate="0" complexity="0"><classes><class name="proptests" filename="crates/io/tests/proptests.rs" line-rate="1" branch-rate="0" complexity="0"><methods/><lines><line number="8" hits="9"/><line number="9" hits="9"/><line number="12" hits="3"/><line number="13" hits="9"/><line number="16" hits="774"/><line number="24" hits="2322"/><line number="25" hits="2322"/><line number="26" hits="3870"/><line number="27" hits="3096"/><line number="28" hits="4644"/><line number="31" hits="3096"/><line number="32" hits="3870"/><line number="33" hits="3870"/><line number="34" hits="3870"/><line number="35" hits="4644"/><line number="36" hits="5418"/></lines></class></classes></package><package name="fuzz/fuzz_targets" line-rate="0" branch-rate="0" complexity="0"><classes></classes></package><package name="crates/cli/src" line-rate="0" branch-rate="0" complexity="0"><classes></classes></package><package name="crates/polys/src" line-rate="0.9132947976878613" branch-rate="0" complexity="0"><classes><class name="lib" filename="crates/polys/src/lib.rs" line-rate="0.9132947976878613" branch-rate="0" complexity="0"><methods/><lines><line number="23" hits="25828"/><line number="24" hits="51656"/><line number="25" hits="51656"/><line number="27" hits="5578"/><line number="28" hits="11156"/><line number="30" hits="62024"/><line number="31" hits="124048"/><line number="33" hits="30804"/><line number="34" hits="61608"/><line number="35" hits="2"/><line number="37" hits="30802"/><line number="40" hits="13297"/><line number="41" hits="26593"/><line number="44" hits="1"/><line number="48" hits="1082"/><line number="49" hits="1082"/><line number="50" hits="9"/><line number="53" hits="1914"/><line number="61" hits="3447"/><line number="63" hits="6894"/><line number="64" hits="15736"/><line number="67" hits="3447"/><line number="70" hits="2468"/><line number="71" hits="2468"/><line number="72" hits="17276"/><line number="73" hits="18113"/><line number="78" hits="9872"/><line number="80" hits="6474"/><line number="81" hits="6474"/><line number="82" hits="45318"/><line number="83" hits="46730"/><line number="88" hits="25896"/><line number="90" hits="519"/><line number="91" hits="519"/><line number="92" hits="1353"/><line number="93" hits="263"/><line number="96" hits="558"/><line number="98" hits="52"/><line number="100" hits="2102"/><line number="102" hits="127"/><line number="109" hits="2405"/><line number="110" hits="4810"/><line number="111" hits="30"/><line number="115" hits="11889"/><line number="120" hits="4388"/><line number="121" hits="4388"/><line number="122" hits="8776"/><line number="123" hits="1"/><line number="128" hits="220"/><line number="132" hits="15688"/><line number="134" hits="1371"/><line number="139" hits="3825"/><line number="140" hits="11475"/><line number="145" hits="9264"/><line number="150" hits="2796"/><line number="156" hits="1580"/><line number="157" hits="1580"/><line number="159" hits="7084"/><line number="160" hits="2752"/><line number="161" hits="2752"/><line number="162" hits="2752"/><line number="164" hits="3160"/><line number="173" hits="808"/><line number="174" hits="1616"/><line number="175" hits="1"/><line number="182" hits="6"/><line number="189" hits="8"/><line number="190" hits="796"/><line number="207" hits="270"/><line number="208" hits="270"/><line number="210" hits="542"/><line number="211" hits="1"/><line number="216" hits="0"/><line number="219" hits="0"/><line number="222" hits="269"/><line number="223" hits="269"/><line number="226" hits="1"/><line number="227" hits="0"/><line number="231" hits="2"/><line number="232" hits="2"/><line number="233" hits="3"/><line number="234" hits="2"/><line number="236" hits="1"/><line number="240" hits="2"/><line number="241" hits="2"/><line number="242" hits="2"/><line number="243" hits="1"/><line number="245" hits="1"/><line number="252" hits="801"/><line number="253" hits="2411"/><line number="257" hits="1618"/><line number="258" hits="2418"/><line number="260" hits="4"/><line number="265" hits="1601"/><line number="266" hits="1335"/><line number="267" hits="3207"/><line number="269" hits="532"/><line number="287" hits="265"/><line number="288" hits="530"/><line number="289" hits="0"/><line number="292" hits="265"/><line number="294" hits="1"/><line number="298" hits="264"/><line number="302" hits="0"/><line number="307" hits="264"/><line number="316" hits="799"/><line number="317" hits="1598"/><line number="318" hits="1"/><line number="325" hits="2394"/><line number="328" hits="3096"/><line number="338" hits="1149"/><line number="339" hits="2298"/><line number="340" hits="0"/><line number="343" hits="1149"/><line number="344" hits="2298"/><line number="345" hits="0"/><line number="349" hits="1149"/><line number="350" hits="1827"/><line number="354" hits="351"/><line number="360" hits="351"/><line number="363" hits="0"/><line number="367" hits="1053"/><line number="368" hits="1404"/><line number="369" hits="351"/><line number="371" hits="0"/><line number="375" hits="567"/><line number="381" hits="540"/><line number="382" hits="1620"/><line number="383" hits="0"/><line number="390" hits="540"/><line number="395" hits="2"/><line number="402" hits="1269"/><line number="403" hits="540"/><line number="404" hits="0"/><line number="406" hits="2379"/><line number="407" hits="4429"/><line number="410" hits="349"/><line number="416" hits="189"/><line number="420" hits="540"/><line number="421" hits="1080"/><line number="422" hits="3812"/><line number="427" hits="2160"/><line number="428" hits="3812"/><line number="432" hits="540"/><line number="436" hits="1076"/><line number="437" hits="1600"/><line number="438" hits="524"/><line number="440" hits="1076"/><line number="441" hits="0"/><line number="446" hits="2440"/><line number="447" hits="1364"/><line number="448" hits="3804"/><line number="449" hits="2921"/><line number="450" hits="1155"/><line number="458" hits="1657"/><line number="459" hits="1657"/><line number="460" hits="1657"/><line number="461" hits="4973"/><line number="462" hits="1658"/><line number="463" hits="1658"/><line number="464" hits="1658"/><line number="466" hits="1657"/><line number="469" hits="1636"/><line number="470" hits="3272"/><line number="471" hits="0"/><line number="476" hits="25828"/><line number="477" hits="142748"/><line number="478" hits="9384"/><line number="484" hits="3021"/><line number="485" hits="679"/><line number="486" hits="3395"/><line number="489" hits="0"/><line number="492" hits="1891"/><line number="493" hits="7564"/><line number="494" hits="1321"/><line number="495" hits="375"/><line number="496" hits="445"/><line number="499" hits="1215"/><line number="500" hits="9250"/><line number="504" hits="2103"/><line number="505" hits="4206"/><line number="506" hits="5015"/><line number="508" hits="360"/><line number="509" hits="89"/><line number="511" hits="1"/><line number="515" hits="2260"/><line number="516" hits="1130"/><line number="517" hits="1130"/><line number="518" hits="1695"/><line number="519" hits="0"/><line number="521" hits="2260"/><line number="523" hits="1"/><line number="528" hits="445"/><line number="530" hits="888"/><line number="531" hits="2219"/><line number="535" hits="1780"/><line number="536" hits="329"/><line number="537" hits="329"/><line number="540" hits="345"/><line number="541" hits="345"/><line number="542" hits="345"/><line number="543" hits="1"/><line number="545" hits="456"/><line number="547" hits="0"/><line number="554" hits="443"/><line number="556" hits="0"/><line number="560" hits="6042"/><line number="562" hits="8408"/><line number="567" hits="4"/><line number="570" hits="915"/><line number="571" hits="1950"/><line number="572" hits="9750"/><line number="575" hits="914"/><line number="577" hits="3"/><line number="581" hits="262"/><line number="582" hits="524"/><line number="583" hits="120"/><line number="587" hits="509"/><line number="589" hits="59"/><line number="591" hits="2008"/><line number="592" hits="900"/><line number="593" hits="168"/><line number="595" hits="282"/><line number="599" hits="1350"/><line number="607" hits="13"/><line number="608" hits="13"/><line number="609" hits="1"/><line number="613" hits="12"/><line number="616" hits="21"/><line number="617" hits="42"/><line number="618" hits="0"/><line number="622" hits="7"/><line number="623" hits="14"/><line number="624" hits="49"/><line number="626" hits="21"/><line number="628" hits="28"/><line number="629" hits="49"/><line number="630" hits="21"/><line number="632" hits="7"/><line number="634" hits="17"/><line number="635" hits="17"/><line number="636" hits="0"/><line number="638" hits="17"/><line number="640" hits="0"/><line number="644" hits="34"/><line number="645" hits="17"/><line number="646" hits="51"/><line number="647" hits="37"/><line number="648" hits="9"/><line number="655" hits="4"/><line number="656" hits="12"/><line number="657" hits="24"/><line number="658" hits="8"/><line number="659" hits="20"/><line number="663" hits="4"/><line number="664" hits="0"/><line number="666" hits="8"/><line number="667" hits="4"/><line number="668" hits="8"/><line number="675" hits="16"/><line number="676" hits="0"/><line number="679" hits="45"/><line number="680" hits="45"/><line number="681" hits="18"/><line number="682" hits="0"/><line number="689" hits="14"/><line number="690" hits="21"/><line number="691" hits="21"/><line number="692" hits="14"/><line number="693" hits="52"/><line number="694" hits="10"/><line number="695" hits="0"/><line number="697" hits="80"/><line number="700" hits="4"/><line number="705" hits="14"/><line number="707" hits="4"/><line number="713" hits="9"/><line number="714" hits="32"/><line number="715" hits="36"/><line number="716" hits="1"/><line number="721" hits="8"/><line number="722" hits="30"/><line number="723" hits="44"/><line number="724" hits="44"/><line number="725" hits="22"/><line number="726" hits="0"/><line number="732" hits="8"/><line number="744" hits="10"/><line number="745" hits="10"/><line number="748" hits="44"/><line number="749" hits="88"/><line number="750" hits="176"/><line number="751" hits="44"/><line number="754" hits="21"/><line number="755" hits="63"/><line number="759" hits="33"/><line number="760" hits="99"/><line number="761" hits="95"/><line number="765" hits="114"/><line number="766" hits="33"/><line number="770" hits="10"/><line number="771" hits="20"/><line number="772" hits="48"/><line number="773" hits="52"/><line number="774" hits="14"/><line number="775" hits="14"/><line number="778" hits="9"/><line number="791" hits="5"/><line number="792" hits="5"/><line number="795" hits="9"/><line number="796" hits="18"/><line number="797" hits="0"/><line number="804" hits="29"/><line number="805" hits="58"/><line number="806" hits="145"/><line number="810" hits="42"/><line number="811" hits="84"/><line number="815" hits="8"/><line number="816" hits="72"/><line number="820" hits="19"/><line number="821" hits="57"/><line number="822" hits="59"/><line number="824" hits="0"/><line number="825" hits="0"/><line number="827" hits="20"/><line number="834" hits="2"/><line number="835" hits="6"/><line number="836" hits="6"/><line number="838" hits="1"/><line number="839" hits="2"/><line number="841" hits="1"/><line number="848" hits="19"/><line number="849" hits="56"/><line number="850" hits="2"/><line number="854" hits="55"/><line number="855" hits="65"/><line number="859" hits="0"/><line number="860" hits="0"/><line number="862" hits="23"/><line number="870" hits="4"/><line number="871" hits="8"/><line number="872" hits="33"/><line number="873" hits="40"/><line number="876" hits="3"/><line number="880" hits="11"/><line number="881" hits="22"/></lines></class></classes></package><package name="crates/wasm/src" line-rate="0" branch-rate="0" complexity="0"><classes></classes></package><package name="crates/expr_core/src" line-rate="0.8871794871794871" branch-rate="0" complexity="0"><classes><class name="lib" filename="crates/expr_core/src/lib.rs" line-rate="0.8871794871794871" branch-rate="0" complexity="0"><methods/><lines><line number="71" hits="5752"/><line number="72" hits="5752"/><line number="75" hits="255247"/><line number="76" hits="255247"/><line number="82" hits="4262"/><line number="83" hits="21310"/><line number="87" hits="3394"/><line number="88" hits="13576"/><line number="92" hits="4731"/><line number="93" hits="18924"/><line number="97" hits="3401"/><line number="98" hits="13604"/><line number="102" hits="183"/><line number="103" hits="915"/><line number="107" hits="172"/><line number="108" hits="688"/><line number="112" hits="1160"/><line number="113" hits="6960"/><line number="117" hits="1134"/><line number="118" hits="5670"/><line number="122" hits="5"/><line number="123" hits="10"/><line number="124" hits="10"/><line number="125" hits="10"/><line number="126" hits="10"/><line number="130" hits="4265"/><line number="131" hits="21325"/><line number="133" hits="32678"/><line number="134" hits="163390"/><line number="136" hits="15386"/><line number="137" hits="61544"/><line number="138" hits="15386"/><line number="139" hits="36885"/><line number="143" hits="678"/><line number="145" hits="3390"/><line number="151" hits="31"/><line number="152" hits="62"/><line number="154" hits="6"/><line number="157" hits="119"/><line number="165" hits="7184"/><line number="166" hits="21552"/><line number="167" hits="14368"/><line number="170" hits="41268"/><line number="171" hits="0"/><line number="172" hits="0"/><line number="173" hits="57"/><line number="174" hits="0"/><line number="177" hits="0"/><line number="178" hits="32541"/><line number="179" hits="0"/><line number="182" hits="0"/><line number="183" hits="480"/><line number="184" hits="0"/><line number="187" hits="18048"/><line number="192" hits="13052"/><line number="193" hits="29340"/><line number="197" hits="26290"/><line number="198" hits="47688"/><line number="199" hits="35766"/><line number="202" hits="14368"/><line number="203" hits="534"/><line number="205" hits="0"/><line number="206" hits="4133"/><line number="210" hits="41760"/><line number="212" hits="0"/><line number="215" hits="9537"/><line number="216" hits="28611"/><line number="217" hits="19074"/><line number="219" hits="45556"/><line number="220" hits="37292"/><line number="221" hits="0"/><line number="222" hits="966"/><line number="223" hits="0"/><line number="226" hits="0"/><line number="227" hits="32277"/><line number="228" hits="0"/><line number="229" hits="1273"/><line number="231" hits="0"/><line number="234" hits="0"/><line number="235" hits="4710"/><line number="236" hits="0"/><line number="237" hits="0"/><line number="239" hits="0"/><line number="242" hits="18003"/><line number="247" hits="17265"/><line number="248" hits="7491"/><line number="252" hits="13907"/><line number="253" hits="55628"/><line number="254" hits="41721"/><line number="257" hits="0"/><line number="258" hits="74"/><line number="260" hits="0"/><line number="261" hits="2993"/><line number="265" hits="35658"/><line number="267" hits="0"/><line number="270" hits="5005"/><line number="272" hits="20020"/><line number="273" hits="309"/><line number="275" hits="18784"/><line number="277" hits="97"/><line number="278" hits="99"/><line number="281" hits="14"/><line number="285" hits="32179"/><line number="289" hits="1752"/><line number="290" hits="24780"/><line number="291" hits="24780"/><line number="292" hits="4914"/><line number="293" hits="5706"/><line number="294" hits="5736"/><line number="295" hits="8424"/><line number="298" hits="13332"/><line number="299" hits="53328"/><line number="300" hits="39996"/><line number="301" hits="13440"/><line number="302" hits="2612"/><line number="303" hits="9525"/><line number="304" hits="111"/><line number="305" hits="111"/><line number="306" hits="903"/><line number="307" hits="222"/><line number="309" hits="1097"/><line number="310" hits="1097"/><line number="312" hits="19085"/><line number="315" hits="1899"/><line number="316" hits="1899"/><line number="318" hits="20934"/><line number="322" hits="11472"/><line number="323" hits="11472"/><line number="324" hits="3824"/><line number="327" hits="10"/><line number="328" hits="18"/><line number="329" hits="8"/><line number="330" hits="40"/><line number="331" hits="40"/><line number="332" hits="24"/><line number="335" hits="20"/><line number="337" hits="0"/><line number="339" hits="26664"/><line number="340" hits="52"/><line number="342" hits="13306"/><line number="345" hits="5256"/><line number="349" hits="53357"/><line number="351" hits="352762"/><line number="352" hits="266785"/><line number="354" hits="127032"/><line number="360" hits="33039"/><line number="361" hits="33039"/><line number="362" hits="169893"/><line number="365" hits="66078"/><line number="366" hits="165195"/><line number="367" hits="132156"/><line number="368" hits="33039"/><line number="374" hits="33039"/><line number="375" hits="66078"/><line number="376" hits="132156"/><line number="377" hits="33039"/><line number="378" hits="10363"/><line number="379" hits="35432"/><line number="380" hits="53148"/><line number="381" hits="35432"/><line number="383" hits="3972"/><line number="384" hits="3972"/><line number="385" hits="5296"/><line number="386" hits="2648"/><line number="388" hits="6724"/><line number="389" hits="10086"/><line number="390" hits="10086"/><line number="392" hits="548"/><line number="393" hits="822"/><line number="394" hits="822"/><line number="397" hits="80223"/><line number="400" hits="66078"/><line number="403" hits="33039"/><line number="404" hits="33039"/><line number="405" hits="2638"/><line number="406" hits="4377"/><line number="407" hits="3326"/><line number="408" hits="3362"/><line number="409" hits="17716"/><line number="410" hits="1324"/><line number="411" hits="274"/><line number="412" hits="22"/><line number="419" hits="33039"/><line number="420" hits="33039"/><line number="422" hits="422048"/><line number="423" hits="422048"/><line number="424" hits="422048"/><line number="426" hits="20364"/><line number="427" hits="61092"/><line number="429" hits="43956"/><line number="430" hits="439560"/><line number="434" hits="3636"/><line number="435" hits="12280"/><line number="439" hits="33039"/><line number="440" hits="33039"/></lines></class></classes></package><package name="crates/pattern/src" line-rate="0.42105263157894735" branch-rate="0" complexity="0"><classes><class name="lib" filename="crates/pattern/src/lib.rs" line-rate="0.42105263157894735" branch-rate="0" complexity="0"><methods/><lines><line number="17" hits="1155"/><line number="19" hits="4642"/><line number="24" hits="6798"/><line number="27" hits="7931"/><line number="28" hits="1133"/><line number="32" hits="1133"/><line number="33" hits="2266"/><line number="34" hits="427"/><line number="35" hits="771"/><line number="36" hits="1028"/><line number="37" hits="0"/><line number="40" hits="237"/><line number="43" hits="2370"/><line number="48" hits="848"/><line number="49" hits="424"/><line number="51" hits="2332"/><line number="53" hits="636"/><line number="56" hits="0"/><line number="57" hits="0"/><line number="58" hits="0"/><line number="60" hits="0"/><line number="61" hits="0"/><line number="62" hits="0"/><line number="65" hits="0"/><line number="66" hits="0"/><line number="67" hits="0"/><line number="69" hits="0"/><line number="70" hits="0"/><line number="72" hits="0"/><line number="74" hits="0"/><line number="77" hits="0"/><line number="78" hits="0"/><line number="80" hits="0"/><line number="83" hits="0"/><line number="84" hits="0"/><line number="85" hits="0"/><line number="86" hits="0"/><line number="89" hits="0"/></lines></class></classes></package><package name="crates/api/src" line-rate="0" branch-rate="0" complexity="0"><classes></classes></package><package name="crates/pattern/tests" line-rate="0" branch-rate="0" complexity="0"><classes></classes></package><package name="crates/polys/tests" line-rate="1" branch-rate="0" complexity="0"><classes><class name="proptests" filename="crates/polys/tests/proptests.rs" line-rate="1" branch-rate="0" complexity="0"><methods/><lines><line number="8" hits="13"/><line number="10" hits="25973"/><line number="13" hits="11"/><line number="15" hits="7832"/><line number="18" hits="3"/><line number="19" hits="1836"/></lines></class></classes></package><package name="crates/assumptions/tests" line-rate="0" branch-rate="0" complexity="0"><classes></classes></package><package name="crates/matrix/tests" line-rate="1" branch-rate="0" complexity="0"><classes><class name="proptests" filename="crates/matrix/tests/proptests.rs" line-rate="1" branch-rate="0" complexity="0"><methods/><lines><line number="7" hits="1"/><line number="8" hits="1844"/><line number="11" hits="512"/><line number="12" hits="1536"/><line number="13" hits="2048"/><line number="14" hits="2216"/><line number="17" hits="2048"/><line number="31" hits="1566"/><line number="32" hits="1566"/></lines></class></classes></package><package name="crates/polys/benches" line-rate="0" branch-rate="0" complexity="0"><classes></classes></package><package name="crates/simplify/tests" line-rate="0" branch-rate="0" complexity="0"><classes></classes></package><package name="crates/simplify/src" line-rate="0.9385474860335196" branch-rate="0" complexity="0"><classes><class name="lib" filename="crates/simplify/src/lib.rs" line-rate="0.9385474860335196" branch-rate="0" complexity="0"><methods/><lines><line number="11" hits="4727"/><line number="12" hits="9454"/><line number="13" hits="18908"/><line number="19" hits="4739"/><line number="22" hits="9478"/><line number="23" hits="10784"/><line number="26" hits="17000"/><line number="27" hits="13600"/><line number="28" hits="3400"/><line number="30" hits="11"/><line number="34" hits="7345"/><line number="35" hits="14690"/><line number="36" hits="148"/><line number="37" hits="2704"/><line number="39" hits="1395"/><line number="40" hits="2325"/><line number="41" hits="930"/><line number="43" hits="2325"/><line number="44" hits="2325"/><line number="46" hits="1869"/><line number="47" hits="9"/><line number="48" hits="16"/><line number="49" hits="8"/><line number="51" hits="0"/><line number="56" hits="32"/><line number="57" hits="4"/><line number="58" hits="4"/><line number="60" hits="8"/><line number="67" hits="459"/><line number="70" hits="939"/><line number="71" hits="313"/><line number="72" hits="0"/><line number="74" hits="313"/><line number="75" hits="1252"/><line number="76" hits="626"/><line number="78" hits="313"/><line number="79" hits="2468"/><line number="81" hits="335"/><line number="82" hits="44"/><line number="83" hits="1"/><line number="84" hits="88"/><line number="88" hits="3"/><line number="89" hits="1"/><line number="93" hits="21"/><line number="94" hits="3"/><line number="96" hits="6"/><line number="97" hits="6"/><line number="99" hits="9"/><line number="100" hits="20"/><line number="101" hits="12"/><line number="102" hits="1"/><line number="104" hits="0"/><line number="107" hits="4"/><line number="108" hits="4"/><line number="110" hits="1"/><line number="121" hits="20"/><line number="122" hits="1"/><line number="125" hits="4"/><line number="127" hits="1"/><line number="130" hits="0"/><line number="135" hits="19"/><line number="136" hits="2"/><line number="138" hits="18"/><line number="140" hits="10"/><line number="141" hits="10"/><line number="144" hits="6"/><line number="149" hits="350"/><line number="150" hits="84"/><line number="151" hits="1"/><line number="152" hits="168"/><line number="155" hits="3"/><line number="156" hits="4"/><line number="157" hits="1"/><line number="162" hits="307"/><line number="165" hits="15"/><line number="166" hits="60"/><line number="167" hits="30"/><line number="170" hits="30"/><line number="171" hits="236"/><line number="174" hits="51"/><line number="175" hits="21"/><line number="176" hits="42"/><line number="177" hits="42"/><line number="180" hits="84"/><line number="181" hits="8"/><line number="187" hits="7"/><line number="188" hits="10"/><line number="190" hits="20"/><line number="191" hits="20"/><line number="193" hits="29"/><line number="194" hits="9"/><line number="201" hits="3"/><line number="205" hits="9"/><line number="206" hits="12"/><line number="207" hits="0"/><line number="210" hits="6"/><line number="212" hits="5728"/><line number="217" hits="24"/><line number="219" hits="110"/><line number="221" hits="7"/><line number="225" hits="33"/><line number="226" hits="1"/><line number="232" hits="10"/><line number="234" hits="44"/><line number="236" hits="1"/><line number="240" hits="18"/><line number="241" hits="0"/><line number="246" hits="8"/><line number="247" hits="40"/><line number="248" hits="0"/><line number="250" hits="0"/><line number="253" hits="8"/><line number="254" hits="40"/><line number="255" hits="4"/><line number="257" hits="0"/><line number="260" hits="4"/><line number="261" hits="20"/><line number="262" hits="2"/><line number="264" hits="0"/><line number="267" hits="148"/><line number="269" hits="148"/><line number="270" hits="592"/><line number="271" hits="296"/><line number="273" hits="296"/><line number="274" hits="790"/><line number="279" hits="444"/><line number="280" hits="790"/><line number="287" hits="444"/><line number="288" hits="752"/><line number="290" hits="14"/><line number="292" hits="1152"/><line number="293" hits="260"/><line number="294" hits="371"/><line number="295" hits="120"/><line number="297" hits="103"/><line number="300" hits="864"/><line number="302" hits="296"/><line number="303" hits="2"/><line number="308" hits="676"/><line number="309" hits="676"/><line number="310" hits="2704"/><line number="311" hits="1352"/><line number="313" hits="1352"/><line number="314" hits="3698"/><line number="320" hits="1352"/><line number="321" hits="3698"/><line number="322" hits="1511"/><line number="324" hits="5"/><line number="325" hits="2"/><line number="327" hits="1510"/><line number="333" hits="2028"/><line number="334" hits="2028"/><line number="335" hits="3700"/><line number="337" hits="824"/><line number="339" hits="1588"/><line number="340" hits="794"/><line number="343" hits="688"/><line number="346" hits="854"/><line number="349" hits="824"/><line number="350" hits="1628"/><line number="356" hits="0"/><line number="360" hits="2028"/><line number="361" hits="2304"/><line number="363" hits="814"/><line number="366" hits="2028"/><line number="370" hits="321"/><line number="371" hits="1284"/><line number="372" hits="177"/><line number="373" hits="24"/><line number="375" hits="168"/><line number="381" hits="888"/><line number="383" hits="76"/><line number="386" hits="153"/><line number="387" hits="153"/><line number="389" hits="699"/><line number="392" hits="168"/><line number="395" hits="88"/><line number="399" hits="1102"/><line number="400" hits="5023"/></lines></class></classes></package><package name="crates/plot/src" line-rate="0.9558823529411765" branch-rate="0" complexity="0"><classes><class name="lib" filename="crates/plot/src/lib.rs" line-rate="0.9558823529411765" branch-rate="0" complexity="0"><methods/><lines><line number="23" hits="3"/><line number="24" hits="18"/><line number="30" hits="27"/><line number="31" hits="58"/><line number="32" hits="232"/><line number="33" hits="116"/><line number="34" hits="24"/><line number="35" hits="3"/><line number="36" hits="26"/><line number="37" hits="26"/><line number="38" hits="20"/><line number="40" hits="6"/><line number="44" hits="1"/><line number="45" hits="5"/><line number="46" hits="10"/><line number="48" hits="1"/><line number="51" hits="2"/><line number="52" hits="5"/><line number="53" hits="10"/><line number="55" hits="1"/><line number="58" hits="66"/><line number="59" hits="11"/><line number="62" hits="6"/><line number="63" hits="6"/><line number="64" hits="1"/><line number="66" hits="5"/><line number="67" hits="4"/><line number="68" hits="2"/><line number="69" hits="6"/><line number="70" hits="5"/><line number="71" hits="4"/><line number="72" hits="1"/><line number="76" hits="0"/><line number="79" hits="162"/><line number="81" hits="18"/><line number="83" hits="1"/><line number="89" hits="4"/><line number="90" hits="8"/><line number="91" hits="8"/><line number="92" hits="12"/><line number="93" hits="12"/><line number="94" hits="12"/><line number="97" hits="12"/><line number="98" hits="16"/><line number="99" hits="16"/><line number="100" hits="21"/><line number="108" hits="8"/><line number="109" hits="8"/><line number="110" hits="38"/><line number="111" hits="12"/><line number="112" hits="7"/><line number="113" hits="7"/><line number="115" hits="4"/><line number="116" hits="4"/><line number="120" hits="7"/><line number="122" hits="1"/><line number="125" hits="3"/><line number="126" hits="0"/><line number="127" hits="0"/><line number="131" hits="12"/><line number="132" hits="21"/><line number="133" hits="12"/><line number="141" hits="6"/><line number="143" hits="6"/><line number="147" hits="6"/><line number="153" hits="3"/><line number="159" hits="1"/><line number="160" hits="1"/></lines></class></classes></package><package name="crates/matrix/benches" line-rate="0" branch-rate="0" complexity="0"><classes></classes></package><package name="crates/expr_core/tests" line-rate="0" branch-rate="0" complexity="0"><classes></classes></package><package name="crates/solver/src" line-rate="0.9024390243902439" branch-rate="0" complexity="0"><classes><class name="lib" filename="crates/solver/src/lib.rs" line-rate="0.9024390243902439" branch-rate="0" complexity="0"><methods/><lines><line number="15" hits="790"/><line number="16" hits="3950"/><line number="19" hits="1"/><line number="27" hits="939"/><line number="28" hits="939"/><line number="29" hits="2370"/><line number="31" hits="149"/><line number="36" hits="4170"/><line number="37" hits="1128"/><line number="40" hits="1"/><line number="44" hits="4695"/><line number="45" hits="4695"/><line number="46" hits="939"/><line number="47" hits="939"/><line number="49" hits="939"/><line number="50" hits="939"/><line number="56" hits="736"/><line number="57" hits="184"/><line number="58" hits="184"/><line number="63" hits="8"/><line number="64" hits="2"/><line number="65" hits="2"/><line number="70" hits="4"/><line number="71" hits="1"/><line number="72" hits="1"/><line number="78" hits="1"/><line number="80" hits="0"/><line number="84" hits="786"/><line number="89" hits="1"/><line number="90" hits="1"/><line number="91" hits="1"/><line number="92" hits="3"/><line number="94" hits="0"/><line number="99" hits="5"/><line number="100" hits="5"/><line number="101" hits="5"/><line number="102" hits="5"/><line number="103" hits="5"/><line number="105" hits="2"/><line number="106" hits="0"/><line number="139" hits="1"/><line number="141" hits="0"/><line number="177" hits="3"/><line number="178" hits="9"/><line number="179" hits="9"/><line number="180" hits="15"/><line number="182" hits="4"/><line number="187" hits="15"/><line number="188" hits="15"/><line number="189" hits="15"/><line number="190" hits="15"/><line number="192" hits="6"/><line number="193" hits="0"/><line number="258" hits="184"/><line number="259" hits="552"/><line number="260" hits="552"/><line number="261" hits="1104"/><line number="263" hits="184"/><line number="267" hits="920"/><line number="268" hits="920"/><line number="269" hits="920"/><line number="271" hits="368"/><line number="272" hits="0"/><line number="283" hits="184"/><line number="284" hits="184"/><line number="285" hits="1"/><line number="288" hits="830"/><line number="289" hits="647"/><line number="290" hits="0"/><line number="294" hits="183"/><line number="297" hits="184"/><line number="298" hits="368"/><line number="299" hits="368"/><line number="300" hits="552"/><line number="301" hits="0"/><line number="305" hits="0"/><line number="313" hits="736"/><line number="314" hits="184"/><line number="315" hits="736"/><line number="316" hits="552"/><line number="317" hits="736"/><line number="319" hits="184"/><line number="320" hits="736"/><line number="321" hits="552"/><line number="323" hits="184"/><line number="324" hits="1104"/><line number="325" hits="920"/><line number="327" hits="184"/><line number="328" hits="552"/><line number="329" hits="1104"/><line number="330" hits="1104"/><line number="331" hits="920"/><line number="333" hits="368"/><line number="341" hits="8"/><line number="343" hits="40"/><line number="344" hits="160"/><line number="345" hits="12"/><line number="346" hits="11"/><line number="347" hits="127"/><line number="352" hits="8"/><line number="353" hits="16"/><line number="354" hits="1"/><line number="360" hits="35"/><line number="361" hits="64"/><line number="362" hits="16"/><line number="364" hits="6"/><line number="365" hits="0"/><line number="371" hits="13"/><line number="372" hits="1"/><line number="379" hits="30"/><line number="382" hits="9"/><line number="383" hits="6"/><line number="384" hits="9"/><line number="387" hits="9"/><line number="388" hits="18"/><line number="391" hits="15"/><line number="394" hits="15"/><line number="402" hits="5"/><line number="403" hits="12"/><line number="404" hits="4"/><line number="406" hits="16"/><line number="407" hits="14"/><line number="408" hits="14"/><line number="410" hits="21"/><line number="411" hits="5"/><line number="430" hits="3"/><line number="434" hits="3"/><line number="435" hits="6"/><line number="436" hits="0"/><line number="438" hits="0"/><line number="439" hits="0"/><line number="444" hits="3"/><line number="445" hits="6"/><line number="446" hits="4"/><line number="447" hits="4"/><line number="449" hits="10"/><line number="450" hits="8"/><line number="451" hits="6"/><line number="452" hits="4"/><line number="453" hits="4"/><line number="454" hits="0"/><line number="461" hits="2"/><line number="464" hits="4"/><line number="465" hits="2"/><line number="470" hits="1"/><line number="475" hits="5"/><line number="482" hits="23"/><line number="484" hits="3"/><line number="489" hits="2"/><line number="490" hits="6"/><line number="491" hits="4"/><line number="492" hits="4"/><line number="494" hits="10"/><line number="495" hits="18"/><line number="497" hits="2"/><line number="498" hits="0"/><line number="504" hits="2"/><line number="507" hits="2"/><line number="508" hits="8"/><line number="510" hits="6"/><line number="511" hits="10"/><line number="512" hits="12"/><line number="513" hits="2"/><line number="517" hits="0"/></lines></class></classes></package><package name="crates/tests_e2e/src" line-rate="0" branch-rate="0" complexity="0"><classes></classes></package><package name="crates/assumptions/src" line-rate="0.7894736842105263" branch-rate="0" complexity="0"><classes><class name="lib" filename="crates/assumptions/src/lib.rs" line-rate="0.7894736842105263" branch-rate="0" complexity="0"><methods/><lines><line number="31" hits="13"/><line number="32" hits="13"/><line number="36" hits="0"/><line number="37" hits="0"/><line number="41" hits="0"/><line number="42" hits="0"/><line number="43" hits="0"/><line number="50" hits="17"/><line number="51" hits="34"/><line number="52" hits="0"/><line number="57" hits="21"/><line number="59" hits="63"/><line number="60" hits="61"/><line number="61" hits="17"/><line number="62" hits="55"/><line number="67" hits="42"/><line number="68" hits="4"/><line number="72" hits="15"/><line number="74" hits="2"/><line number="79" hits="4739"/><line number="80" hits="9514"/><line number="86" hits="17"/><line number="87" hits="51"/><line number="88" hits="34"/><line number="91" hits="50"/><line number="92" hits="33"/><line number="95" hits="24"/><line number="96" hits="96"/><line number="97" hits="96"/><line number="98" hits="48"/><line number="102" hits="4"/><line number="103" hits="16"/><line number="104" hits="8"/><line number="108" hits="0"/><line number="109" hits="0"/><line number="113" hits="107"/><line number="114" hits="52"/><line number="120" hits="17"/></lines></class></classes></package><package name="crates/calculus/src" line-rate="0.8772609819121447" branch-rate="0" complexity="0"><classes><class name="diff" filename="crates/calculus/src/diff.rs" line-rate="0.9777777777777777" branch-rate="0" complexity="0"><methods/><lines><line number="9" hits="4254"/><line number="11" hits="13627"/><line number="15" hits="16945"/><line number="18" hits="20334"/><line number="19" hits="3389"/><line number="23" hits="3389"/><line number="24" hits="6778"/><line number="25" hits="2162"/><line number="26" hits="2577"/><line number="27" hits="4283"/><line number="28" hits="4"/><line number="31" hits="287"/><line number="32" hits="2312"/><line number="38" hits="3200"/><line number="39" hits="2400"/><line number="40" hits="3206"/><line number="42" hits="3230"/><line number="43" hits="1606"/><line number="44" hits="8030"/><line number="46" hits="1624"/><line number="52" hits="3200"/><line number="53" hits="2400"/><line number="58" hits="1180"/><line number="59" hits="590"/><line number="60" hits="590"/><line number="61" hits="885"/><line number="62" hits="1475"/><line number="63" hits="885"/><line number="65" hits="590"/><line number="66" hits="293"/><line number="68" hits="0"/><line number="79" hits="10"/><line number="80" hits="10"/><line number="81" hits="10"/><line number="82" hits="10"/><line number="83" hits="12"/><line number="84" hits="6"/><line number="85" hits="10"/><line number="86" hits="12"/><line number="87" hits="12"/><line number="88" hits="12"/><line number="89" hits="12"/><line number="90" hits="6"/><line number="96" hits="130"/><line number="97" hits="260"/><line number="98" hits="130"/><line number="99" hits="65"/><line number="100" hits="0"/><line number="102" hits="130"/><line number="104" hits="65"/><line number="105" hits="2"/><line number="112" hits="80"/><line number="113" hits="80"/><line number="115" hits="48"/><line number="117" hits="75"/><line number="118" hits="45"/><line number="119" hits="90"/><line number="121" hits="33"/><line number="123" hits="35"/><line number="124" hits="35"/><line number="126" hits="47"/><line number="128" hits="18"/><line number="129" hits="30"/><line number="130" hits="30"/><line number="132" hits="20"/><line number="134" hits="35"/><line number="135" hits="35"/><line number="137" hits="13"/><line number="139" hits="45"/><line number="140" hits="45"/><line number="142" hits="4"/><line number="145" hits="10"/><line number="146" hits="6"/><line number="147" hits="10"/><line number="148" hits="6"/><line number="149" hits="6"/><line number="150" hits="12"/><line number="151" hits="12"/><line number="152" hits="10"/><line number="154" hits="2"/><line number="160" hits="8"/><line number="161" hits="4"/><line number="162" hits="7"/><line number="163" hits="3"/><line number="164" hits="9"/><line number="165" hits="9"/><line number="166" hits="18"/><line number="167" hits="9"/><line number="170" hits="8"/><line number="171" hits="6"/></lines></class><class name="integrate" filename="crates/calculus/src/integrate.rs" line-rate="0.8660907127429806" branch-rate="0" complexity="0"><methods/><lines><line number="10" hits="178"/><line number="12" hits="542"/><line number="17" hits="850"/><line number="20" hits="1020"/><line number="21" hits="170"/><line number="25" hits="170"/><line number="27" hits="3"/><line number="28" hits="12"/><line number="29" hits="1"/><line number="30" hits="0"/><line number="31" hits="14"/><line number="35" hits="24"/><line number="36" hits="96"/><line number="37" hits="0"/><line number="38" hits="0"/><line number="40" hits="23"/><line number="43" hits="141"/><line number="45" hits="20"/><line number="48" hits="3"/><line number="49" hits="3"/><line number="51" hits="114"/><line number="54" hits="23"/><line number="57" hits="1"/><line number="61" hits="67"/><line number="62" hits="67"/><line number="63" hits="29"/><line number="70" hits="340"/><line number="72" hits="27"/><line number="77" hits="0"/><line number="81" hits="3"/><line number="86" hits="0"/><line number="89" hits="27"/><line number="90" hits="26"/><line number="92" hits="24"/><line number="93" hits="32"/><line number="94" hits="40"/><line number="95" hits="24"/><line number="96" hits="32"/><line number="100" hits="1"/><line number="105" hits="11"/><line number="106" hits="25"/><line number="107" hits="125"/><line number="110" hits="11"/><line number="115" hits="175"/><line number="119" hits="142"/><line number="123" hits="114"/><line number="127" hits="126"/><line number="131" hits="82"/><line number="135" hits="88"/><line number="137" hits="44"/><line number="138" hits="44"/><line number="140" hits="72"/><line number="141" hits="50"/><line number="142" hits="28"/><line number="143" hits="7"/><line number="144" hits="14"/><line number="145" hits="14"/><line number="146" hits="6"/><line number="147" hits="28"/><line number="151" hits="2"/><line number="152" hits="4"/><line number="153" hits="4"/><line number="154" hits="1"/><line number="155" hits="2"/><line number="158" hits="3"/><line number="159" hits="0"/><line number="161" hits="1"/><line number="164" hits="5"/><line number="165" hits="4"/><line number="166" hits="4"/><line number="167" hits="1"/><line number="168" hits="1"/><line number="179" hits="21"/><line number="180" hits="85"/><line number="182" hits="4"/><line number="183" hits="0"/><line number="187" hits="4"/><line number="192" hits="116"/><line number="196" hits="112"/><line number="200" hits="104"/><line number="204" hits="72"/><line number="205" hits="72"/><line number="206" hits="115"/><line number="208" hits="95"/><line number="209" hits="18"/><line number="210" hits="3"/><line number="211" hits="0"/><line number="213" hits="38"/><line number="216" hits="15"/><line number="217" hits="3"/><line number="220" hits="16"/><line number="229" hits="7"/><line number="232" hits="3"/><line number="236" hits="141"/><line number="241" hits="38"/><line number="242" hits="156"/><line number="243" hits="78"/><line number="245" hits="0"/><line number="248" hits="1"/><line number="254" hits="37"/><line number="255" hits="37"/><line number="256" hits="0"/><line number="259" hits="3"/><line number="260" hits="0"/><line number="263" hits="1"/><line number="267" hits="0"/><line number="270" hits="35"/><line number="271" hits="0"/><line number="272" hits="37"/><line number="273" hits="50"/><line number="274" hits="30"/><line number="275" hits="50"/><line number="277" hits="51"/><line number="278" hits="21"/><line number="280" hits="32"/><line number="282" hits="13"/><line number="284" hits="28"/><line number="286" hits="6"/><line number="288" hits="20"/><line number="289" hits="16"/><line number="291" hits="2"/><line number="297" hits="8"/><line number="298" hits="4"/><line number="299" hits="7"/><line number="300" hits="3"/><line number="301" hits="6"/><line number="302" hits="6"/><line number="303" hits="15"/><line number="307" hits="2"/><line number="316" hits="38"/><line number="317" hits="76"/><line number="318" hits="0"/><line number="323" hits="11"/><line number="327" hits="152"/><line number="328" hits="608"/><line number="329" hits="65"/><line number="330" hits="23"/><line number="331" hits="496"/><line number="336" hits="30"/><line number="337" hits="90"/><line number="338" hits="0"/><line number="340" hits="60"/><line number="342" hits="36"/><line number="344" hits="12"/><line number="345" hits="30"/><line number="346" hits="27"/><line number="347" hits="6"/><line number="348" hits="0"/><line number="351" hits="0"/><line number="356" hits="8"/><line number="357" hits="20"/><line number="359" hits="5"/><line number="361" hits="3"/><line number="365" hits="24"/><line number="367" hits="8"/><line number="370" hits="0"/><line number="372" hits="2"/><line number="380" hits="57"/><line number="381" hits="12"/><line number="384" hits="75"/><line number="385" hits="75"/><line number="388" hits="60"/><line number="391" hits="75"/><line number="392" hits="75"/><line number="399" hits="14"/><line number="410" hits="35"/><line number="413" hits="35"/><line number="414" hits="70"/><line number="416" hits="20"/><line number="417" hits="10"/><line number="418" hits="10"/><line number="419" hits="21"/><line number="420" hits="20"/><line number="427" hits="30"/><line number="430" hits="184"/><line number="431" hits="154"/><line number="432" hits="84"/><line number="433" hits="21"/><line number="434" hits="42"/><line number="435" hits="15"/><line number="436" hits="84"/><line number="439" hits="12"/><line number="440" hits="0"/><line number="441" hits="6"/><line number="447" hits="71"/><line number="449" hits="60"/><line number="451" hits="6"/><line number="452" hits="6"/><line number="453" hits="30"/><line number="454" hits="0"/><line number="456" hits="6"/><line number="459" hits="0"/><line number="463" hits="175"/><line number="465" hits="8"/><line number="468" hits="6"/><line number="469" hits="12"/><line number="470" hits="8"/><line number="474" hits="5"/><line number="476" hits="3"/><line number="479" hits="4"/><line number="480" hits="8"/><line number="481" hits="8"/><line number="482" hits="10"/><line number="483" hits="4"/><line number="484" hits="0"/><line number="485" hits="0"/><line number="487" hits="2"/><line number="490" hits="6"/><line number="497" hits="2"/><line number="499" hits="2"/><line number="504" hits="22"/><line number="506" hits="24"/><line number="510" hits="5"/><line number="511" hits="3"/><line number="512" hits="0"/><line number="513" hits="0"/><line number="514" hits="3"/><line number="515" hits="12"/><line number="516" hits="15"/><line number="518" hits="0"/><line number="525" hits="0"/><line number="534" hits="55"/><line number="535" hits="110"/><line number="536" hits="0"/><line number="542" hits="46"/><line number="543" hits="184"/><line number="544" hits="12"/><line number="545" hits="0"/><line number="547" hits="26"/><line number="549" hits="54"/><line number="551" hits="23"/><line number="552" hits="5"/><line number="553" hits="90"/><line number="556" hits="26"/><line number="559" hits="16"/><line number="565" hits="128"/><line number="566" hits="256"/><line number="569" hits="256"/><line number="570" hits="37"/><line number="574" hits="23"/><line number="575" hits="23"/><line number="579" hits="61"/><line number="580" hits="38"/><line number="581" hits="76"/><line number="586" hits="0"/><line number="589" hits="23"/><line number="590" hits="46"/><line number="593" hits="92"/><line number="594" hits="92"/><line number="596" hits="35"/><line number="599" hits="60"/><line number="600" hits="12"/><line number="601" hits="0"/><line number="604" hits="24"/><line number="606" hits="10"/><line number="611" hits="4"/><line number="612" hits="5"/><line number="614" hits="9"/><line number="625" hits="45"/><line number="629" hits="83"/><line number="631" hits="65"/><line number="632" hits="302"/><line number="633" hits="36"/><line number="634" hits="54"/><line number="635" hits="142"/><line number="638" hits="47"/><line number="641" hits="48"/><line number="642" hits="217"/><line number="643" hits="36"/><line number="644" hits="54"/><line number="645" hits="144"/><line number="648" hits="30"/><line number="652" hits="12"/><line number="653" hits="12"/><line number="654" hits="0"/><line number="659" hits="0"/><line number="660" hits="0"/><line number="661" hits="0"/><line number="663" hits="0"/><line number="664" hits="0"/><line number="666" hits="0"/><line number="667" hits="0"/><line number="668" hits="0"/><line number="669" hits="0"/><line number="671" hits="0"/><line number="672" hits="0"/><line number="674" hits="0"/><line number="677" hits="0"/><line number="682" hits="0"/><line number="683" hits="0"/><line number="684" hits="0"/><line number="689" hits="0"/><line number="692" hits="12"/><line number="693" hits="12"/><line number="695" hits="0"/><line number="700" hits="249"/><line number="701" hits="249"/><line number="702" hits="249"/><line number="705" hits="119"/><line number="713" hits="476"/><line number="714" hits="19"/><line number="715" hits="38"/><line number="716" hits="19"/><line number="718" hits="2"/><line number="719" hits="3"/><line number="720" hits="1"/><line number="723" hits="112"/><line number="724" hits="10"/><line number="725" hits="10"/><line number="726" hits="18"/><line number="727" hits="11"/><line number="728" hits="11"/><line number="730" hits="7"/><line number="734" hits="54"/><line number="736" hits="53"/><line number="738" hits="16"/><line number="741" hits="7"/><line number="742" hits="7"/><line number="743" hits="30"/><line number="744" hits="7"/><line number="745" hits="7"/><line number="747" hits="23"/><line number="750" hits="1"/><line number="753" hits="17"/><line number="757" hits="249"/><line number="759" hits="45"/><line number="760" hits="81"/><line number="761" hits="486"/><line number="762" hits="81"/><line number="763" hits="36"/><line number="768" hits="266"/><line number="771" hits="83"/><line number="772" hits="64"/><line number="774" hits="26"/><line number="775" hits="0"/><line number="780" hits="14"/><line number="781" hits="28"/><line number="782" hits="35"/><line number="783" hits="21"/><line number="784" hits="16"/><line number="785" hits="36"/><line number="787" hits="9"/><line number="791" hits="0"/><line number="798" hits="0"/><line number="799" hits="9"/><line number="800" hits="12"/><line number="801" hits="15"/><line number="803" hits="6"/><line number="808" hits="7"/><line number="814" hits="4"/><line number="815" hits="8"/><line number="816" hits="10"/><line number="817" hits="6"/><line number="818" hits="5"/><line number="819" hits="12"/><line number="821" hits="3"/><line number="825" hits="0"/><line number="832" hits="1"/><line number="833" hits="2"/><line number="834" hits="4"/><line number="835" hits="5"/><line number="837" hits="1"/><line number="842" hits="2"/><line number="855" hits="38"/><line number="856" hits="76"/><line number="857" hits="0"/><line number="863" hits="67"/><line number="864" hits="134"/><line number="866" hits="54"/><line number="867" hits="23"/><line number="868" hits="33"/><line number="869" hits="86"/><line number="871" hits="10"/><line number="875" hits="8"/><line number="878" hits="13"/><line number="880" hits="13"/><line number="881" hits="2"/><line number="885" hits="11"/><line number="887" hits="36"/><line number="893" hits="108"/><line number="894" hits="135"/><line number="895" hits="135"/><line number="897" hits="54"/><line number="898" hits="0"/><line number="900" hits="0"/><line number="911" hits="38"/><line number="924" hits="36"/><line number="926" hits="72"/><line number="927" hits="0"/><line number="934" hits="25"/><line number="935" hits="25"/><line number="940" hits="22"/><line number="941" hits="7"/><line number="943" hits="28"/><line number="946" hits="11"/><line number="947" hits="28"/><line number="949" hits="12"/><line number="951" hits="11"/><line number="952" hits="28"/><line number="954" hits="12"/><line number="956" hits="14"/><line number="958" hits="12"/><line number="959" hits="9"/><line number="960" hits="18"/><line number="961" hits="15"/><line number="962" hits="6"/><line number="966" hits="1"/><line number="969" hits="12"/><line number="973" hits="4"/><line number="974" hits="3"/><line number="975" hits="6"/><line number="976" hits="5"/><line number="977" hits="3"/><line number="978" hits="6"/><line number="979" hits="2"/><line number="984" hits="7"/><line number="988" hits="7"/><line number="989" hits="32"/><line number="990" hits="8"/><line number="991" hits="12"/><line number="992" hits="32"/><line number="995" hits="3"/><line number="999" hits="3"/><line number="1000" hits="6"/><line number="1001" hits="1"/><line number="1003" hits="4"/><line number="1004" hits="1"/><line number="1005" hits="4"/><line number="1006" hits="5"/><line number="1009" hits="2"/><line number="1013" hits="32"/><line number="1015" hits="64"/><line number="1016" hits="0"/><line number="1022" hits="12"/><line number="1023" hits="12"/><line number="1027" hits="16"/><line number="1028" hits="80"/><line number="1031" hits="0"/><line number="1034" hits="32"/><line number="1036" hits="0"/><line number="1038" hits="16"/><line number="1040" hits="12"/><line number="1043" hits="32"/><line number="1044" hits="24"/><line number="1045" hits="48"/><line number="1047" hits="8"/><line number="1048" hits="8"/><line number="1050" hits="20"/><line number="1051" hits="12"/><line number="1052" hits="12"/><line number="1053" hits="24"/><line number="1054" hits="24"/><line number="1055" hits="24"/><line number="1056" hits="8"/><line number="1058" hits="4"/><line number="1060" hits="20"/><line number="1061" hits="12"/><line number="1062" hits="12"/><line number="1063" hits="24"/><line number="1064" hits="24"/><line number="1065" hits="24"/><line number="1066" hits="8"/><line number="1068" hits="0"/></lines></class><class name="risch" filename="crates/calculus/src/risch.rs" line-rate="0.8" branch-rate="0" complexity="0"><methods/><lines><line number="41" hits="3"/><line number="42" hits="6"/><line number="44" hits="4"/><line number="47" hits="4"/><line number="48" hits="2"/><line number="49" hits="2"/><line number="51" hits="4"/><line number="52" hits="1"/><line number="55" hits="1"/><line number="57" hits="4"/><line number="58" hits="1"/><line number="61" hits="0"/><line number="65" hits="0"/><line number="67" hits="1"/><line number="72" hits="14"/><line number="73" hits="56"/><line number="74" hits="10"/><line number="75" hits="1"/><line number="76" hits="29"/><line number="86" hits="2"/><line number="88" hits="10"/><line number="91" hits="6"/><line number="92" hits="10"/><line number="93" hits="8"/><line number="99" hits="50"/><line number="100" hits="100"/><line number="102" hits="98"/><line number="103" hits="20"/><line number="104" hits="20"/><line number="107" hits="39"/><line number="109" hits="1"/><line number="116" hits="2"/><line number="117" hits="4"/><line number="119" hits="2"/><line number="120" hits="1"/><line number="121" hits="2"/><line number="124" hits="0"/><line number="126" hits="1"/><line number="136" hits="48"/><line number="138" hits="192"/><line number="148" hits="0"/><line number="151" hits="9"/><line number="153" hits="36"/><line number="154" hits="36"/><line number="156" hits="0"/><line number="158" hits="0"/><line number="159" hits="0"/><line number="163" hits="0"/><line number="176" hits="0"/><line number="184" hits="0"/></lines></class><class name="series" filename="crates/calculus/src/series.rs" line-rate="0.8771929824561403" branch-rate="0" complexity="0"><methods/><lines><line number="13" hits="11"/><line number="14" hits="22"/><line number="17" hits="9"/><line number="18" hits="36"/><line number="19" hits="9"/><line number="23" hits="8"/><line number="24" hits="32"/><line number="25" hits="24"/><line number="29" hits="11"/><line number="30" hits="44"/><line number="31" hits="22"/><line number="32" hits="11"/><line number="37" hits="1"/><line number="38" hits="3"/><line number="39" hits="8"/><line number="40" hits="1"/><line number="42" hits="1"/><line number="45" hits="28"/><line number="46" hits="56"/><line number="47" hits="112"/><line number="48" hits="299"/><line number="56" hits="2"/><line number="57" hits="4"/><line number="58" hits="8"/><line number="59" hits="18"/><line number="67" hits="40"/><line number="68" hits="80"/><line number="69" hits="160"/><line number="70" hits="425"/><line number="71" hits="1030"/><line number="81" hits="5"/><line number="82" hits="15"/><line number="83" hits="1"/><line number="89" hits="28"/><line number="91" hits="17"/><line number="92" hits="102"/><line number="93" hits="68"/><line number="100" hits="24"/><line number="101" hits="48"/><line number="102" hits="96"/><line number="103" hits="260"/><line number="128" hits="7"/><line number="129" hits="14"/><line number="130" hits="56"/><line number="131" hits="10"/><line number="132" hits="3"/><line number="133" hits="3"/><line number="134" hits="3"/><line number="135" hits="3"/><line number="137" hits="0"/><line number="141" hits="1"/><line number="142" hits="3"/><line number="143" hits="15"/><line number="146" hits="1"/><line number="149" hits="4"/><line number="150" hits="10"/><line number="151" hits="20"/><line number="154" hits="2"/><line number="157" hits="4"/><line number="158" hits="2"/><line number="159" hits="2"/><line number="160" hits="4"/><line number="161" hits="3"/><line number="162" hits="5"/><line number="165" hits="2"/><line number="166" hits="2"/><line number="170" hits="0"/><line number="173" hits="1"/><line number="177" hits="8"/><line number="178" hits="32"/><line number="179" hits="9"/><line number="180" hits="0"/><line number="181" hits="2"/><line number="182" hits="2"/><line number="183" hits="2"/><line number="185" hits="0"/><line number="189" hits="1"/><line number="190" hits="3"/><line number="191" hits="15"/><line number="192" hits="2"/><line number="193" hits="2"/><line number="196" hits="1"/><line number="199" hits="2"/><line number="200" hits="5"/><line number="201" hits="10"/><line number="203" hits="0"/><line number="207" hits="1"/><line number="210" hits="4"/><line number="211" hits="2"/><line number="212" hits="2"/><line number="213" hits="4"/><line number="214" hits="3"/><line number="215" hits="5"/><line number="217" hits="0"/><line number="219" hits="1"/><line number="222" hits="0"/><line number="225" hits="0"/><line number="229" hits="7"/><line number="230" hits="5"/><line number="231" hits="12"/><line number="232" hits="1"/><line number="234" hits="8"/><line number="235" hits="2"/><line number="236" hits="1"/><line number="237" hits="3"/><line number="238" hits="0"/><line number="240" hits="1"/><line number="241" hits="0"/><line number="251" hits="23"/><line number="252" hits="46"/><line number="254" hits="9"/><line number="257" hits="0"/><line number="261" hits="0"/><line number="264" hits="0"/><line number="267" hits="24"/><line number="268" hits="32"/><line number="269" hits="0"/><line number="272" hits="2"/><line number="273" hits="4"/><line number="274" hits="24"/><line number="277" hits="2"/><line number="280" hits="3"/><line number="281" hits="5"/><line number="282" hits="12"/><line number="285" hits="1"/><line number="288" hits="9"/><line number="289" hits="9"/><line number="290" hits="14"/><line number="291" hits="10"/><line number="292" hits="1"/><line number="294" hits="6"/><line number="295" hits="12"/><line number="296" hits="4"/><line number="297" hits="4"/><line number="303" hits="24"/><line number="304" hits="12"/><line number="306" hits="0"/><line number="309" hits="0"/><line number="312" hits="6"/><line number="315" hits="3"/><line number="316" hits="0"/><line number="320" hits="7"/><line number="321" hits="21"/><line number="325" hits="5"/><line number="326" hits="6"/><line number="327" hits="0"/><line number="331" hits="8"/><line number="332" hits="16"/><line number="333" hits="8"/><line number="334" hits="2"/><line number="336" hits="6"/><line number="341" hits="3"/><line number="342" hits="3"/><line number="343" hits="0"/><line number="348" hits="5"/><line number="349" hits="10"/><line number="350" hits="5"/><line number="351" hits="1"/><line number="353" hits="4"/><line number="354" hits="1"/><line number="356" hits="3"/><line number="361" hits="2"/><line number="362" hits="6"/><line number="363" hits="1"/><line number="369" hits="6"/><line number="370" hits="7"/><line number="371" hits="6"/><line number="377" hits="0"/><line number="382" hits="0"/><line number="387" hits="16"/><line number="388" hits="48"/></lines></class></classes></package><package name="crates/expr_core/benches" line-rate="0" branch-rate="0" complexity="0"><classes></classes></package><package name="crates/arith/tests" line-rate="0" branch-rate="0" complexity="0"><classes></classes></package><package name="crates/tests_e2e/tests" line-rate="0" branch-rate="0" complexity="0"><classes></classes></package><package name="crates/calculus/benches" line-rate="0" branch-rate="0" complexity="0"><classes></classes></package><package name="crates/matrix/src" line-rate="0.9689119170984456" branch-rate="0" complexity="0"><classes><class name="lib" filename="crates/matrix/src/lib.rs" line-rate="0.9689119170984456" branch-rate="0" complexity="0"><methods/><lines><line number="14" hits="1080"/><line number="15" hits="4320"/><line number="18" hits="145"/><line number="19" hits="580"/><line number="20" hits="2433"/><line number="21" hits="580"/><line number="23" hits="48"/><line number="24" hits="192"/><line number="25" hits="192"/><line number="28" hits="192"/><line number="31" hits="45154"/><line number="32" hits="45154"/><line number="34" hits="34673"/><line number="35" hits="138692"/><line number="37" hits="10481"/><line number="38" hits="52405"/><line number="39" hits="10481"/><line number="44" hits="1608"/><line number="45" hits="1608"/><line number="46" hits="1"/><line number="50" hits="2"/><line number="55" hits="5395"/><line number="57" hits="10790"/><line number="58" hits="29975"/><line number="59" hits="842"/><line number="61" hits="5395"/><line number="62" hits="513"/><line number="65" hits="1032"/><line number="70" hits="382"/><line number="74" hits="7866"/><line number="77" hits="6669"/><line number="79" hits="4788"/><line number="80" hits="6159"/><line number="84" hits="5985"/><line number="88" hits="1092"/><line number="89" hits="3734"/><line number="98" hits="267"/><line number="99" hits="267"/><line number="100" hits="1"/><line number="104" hits="1"/><line number="107" hits="1"/><line number="110" hits="264"/><line number="112" hits="2"/><line number="115" hits="798"/><line number="116" hits="2394"/><line number="117" hits="5348"/><line number="120" hits="2394"/><line number="123" hits="262"/><line number="127" hits="11"/><line number="128" hits="22"/><line number="129" hits="1"/><line number="131" hits="1323"/><line number="136" hits="4"/><line number="137" hits="7"/><line number="138" hits="1"/><line number="140" hits="36"/><line number="145" hits="18"/><line number="146" hits="18"/><line number="147" hits="1"/><line number="153" hits="38"/><line number="154" hits="84"/><line number="156" hits="215"/><line number="167" hits="22"/><line number="168" hits="88"/><line number="169" hits="72"/><line number="170" hits="121"/><line number="175" hits="88"/><line number="180" hits="14"/><line number="181" hits="245"/><line number="182" hits="56"/><line number="187" hits="16"/><line number="188" hits="16"/><line number="189" hits="1"/><line number="192" hits="44"/><line number="200" hits="10"/><line number="201" hits="10"/><line number="202" hits="1"/><line number="206" hits="1"/><line number="210" hits="8"/><line number="212" hits="2"/><line number="217" hits="16"/><line number="218" hits="46"/><line number="220" hits="16"/><line number="221" hits="64"/><line number="223" hits="30"/><line number="229" hits="16"/><line number="231" hits="32"/><line number="232" hits="80"/><line number="233" hits="0"/><line number="235" hits="16"/><line number="236" hits="0"/><line number="241" hits="0"/><line number="250" hits="92"/><line number="256" hits="46"/><line number="258" hits="16"/><line number="262" hits="14"/><line number="264" hits="84"/><line number="272" hits="6"/><line number="273" hits="16"/><line number="274" hits="46"/><line number="283" hits="26"/><line number="284" hits="50"/><line number="285" hits="2"/><line number="294" hits="69"/><line number="295" hits="69"/><line number="296" hits="3"/><line number="301" hits="74"/><line number="302" hits="222"/><line number="304" hits="51"/><line number="305" hits="0"/><line number="318" hits="15"/><line number="323" hits="51"/><line number="324" hits="255"/><line number="327" hits="173"/><line number="330" hits="42"/><line number="332" hits="126"/><line number="338" hits="51"/><line number="347" hits="16"/><line number="348" hits="30"/><line number="349" hits="2"/><line number="358" hits="42"/><line number="359" hits="42"/><line number="360" hits="4"/><line number="365" hits="41"/><line number="366" hits="123"/><line number="368" hits="25"/><line number="369" hits="0"/><line number="382" hits="13"/><line number="386" hits="75"/><line number="387" hits="125"/><line number="390" hits="75"/><line number="393" hits="18"/><line number="395" hits="35"/><line number="401" hits="25"/><line number="405" hits="25"/><line number="411" hits="83"/><line number="417" hits="18"/><line number="420" hits="13"/><line number="422" hits="26"/><line number="431" hits="44"/><line number="432" hits="19"/><line number="433" hits="19"/><line number="439" hits="52"/><line number="444" hits="22"/><line number="450" hits="50"/><line number="471" hits="24"/><line number="472" hits="24"/><line number="473" hits="1"/><line number="482" hits="60"/><line number="486" hits="53"/><line number="488" hits="24"/><line number="489" hits="24"/><line number="490" hits="24"/><line number="496" hits="70"/><line number="501" hits="57"/><line number="504" hits="24"/><line number="514" hits="5"/><line number="518" hits="162"/><line number="522" hits="140"/><line number="536" hits="15"/><line number="537" hits="15"/><line number="538" hits="1"/><line number="542" hits="1"/><line number="545" hits="1"/><line number="549" hits="12"/><line number="552" hits="29"/><line number="553" hits="116"/><line number="554" hits="2"/><line number="559" hits="10"/><line number="560" hits="25"/><line number="567" hits="25"/><line number="569" hits="20"/><line number="578" hits="25"/><line number="580" hits="20"/><line number="595" hits="24"/><line number="596" hits="46"/><line number="597" hits="2"/><line number="606" hits="61"/><line number="607" hits="61"/><line number="608" hits="7"/><line number="613" hits="63"/><line number="614" hits="189"/><line number="616" hits="42"/><line number="617" hits="0"/><line number="630" hits="12"/><line number="634" hits="126"/><line number="635" hits="210"/><line number="638" hits="130"/><line number="641" hits="17"/><line number="643" hits="124"/><line number="649" hits="42"/><line number="654" hits="106"/><line number="656" hits="114"/></lines></class></classes></package><package name="crates/simplify/benches" line-rate="0" branch-rate="0" complexity="0"><classes></classes></package><package name="crates/arith/src" line-rate="0.9696969696969697" branch-rate="0" complexity="0"><classes><class name="lib" filename="crates/arith/src/lib.rs" line-rate="0.9696969696969697" branch-rate="0" complexity="0"><methods/><lines><line number="13" hits="53"/><line number="14" hits="106"/><line number="19" hits="53"/><line number="21" hits="106"/><line number="22" hits="106"/><line number="23" hits="159"/><line number="28" hits="11911"/><line number="29" hits="47644"/><line number="30" hits="11911"/><line number="32" hits="62264"/><line number="33" hits="62264"/><line number="35" hits="4921"/><line number="36" hits="4921"/><line number="38" hits="51595"/><line number="39" hits="51595"/><line number="41" hits="106"/><line number="42" hits="212"/><line number="47" hits="114448"/><line number="48" hits="114448"/><line number="49" hits="0"/><line number="52" hits="0"/><line number="54" hits="400340"/><line number="55" hits="142946"/><line number="56" hits="142946"/><line number="57" hits="142946"/><line number="64" hits="144272"/><line number="65" hits="288545"/><line number="66" hits="288542"/><line number="67" hits="288542"/><line number="68" hits="147955"/><line number="69" hits="3684"/><line number="70" hits="3684"/><line number="72" hits="144271"/><line number="73" hits="29824"/><line number="79" hits="54625"/><line number="81" hits="437000"/><line number="82" hits="218500"/><line number="83" hits="163875"/><line number="86" hits="48757"/><line number="88" hits="195028"/><line number="89" hits="195028"/><line number="90" hits="146271"/><line number="93" hits="18785"/><line number="94" hits="56355"/><line number="98" hits="14"/><line number="99" hits="42"/><line number="101" hits="1221"/><line number="102" hits="3663"/><line number="104" hits="11"/><line number="105" hits="33"/><line number="107" hits="1289"/><line number="108" hits="3867"/><line number="110" hits="13579"/><line number="111" hits="40737"/><line number="115" hits="23291"/><line number="116" hits="116455"/><line number="117" hits="23291"/><line number="119" hits="18773"/><line number="120" hits="93865"/><line number="121" hits="18773"/><line number="123" hits="36285"/><line number="124" hits="181425"/><line number="125" hits="36285"/><line number="127" hits="13478"/><line number="128" hits="67390"/><line number="129" hits="13478"/></lines></class></classes></package><package name="crates/evalf/src" line-rate="0" branch-rate="0" complexity="0"><classes><class name="lib" filename="crates/evalf/src/lib.rs" line-rate="0" branch-rate="0" complexity="0"><methods/><lines><line number="24" hits="0"/><line number="25" hits="0"/><line number="26" hits="0"/></lines></class></classes></package><package name="crates/io/src" line-rate="0.8637532133676092" branch-rate="0" complexity="0"><classes><class name="json" filename="crates/io/src/json.rs" line-rate="0.8087431693989071" branch-rate="0" complexity="0"><methods/><lines><line number="14" hits="274"/><line number="15" hits="698"/><line number="17" hits="2094"/><line number="19" hits="2821"/><line number="20" hits="11284"/><line number="21" hits="5642"/><line number="22" hits="2715"/><line number="23" hits="300"/><line number="24" hits="300"/><line number="26" hits="3475"/><line number="27" hits="3"/><line number="28" hits="30"/><line number="29" hits="12"/><line number="32" hits="3055"/><line number="36" hits="4704"/><line number="37" hits="784"/><line number="40" hits="1656"/><line number="41" hits="1656"/><line number="42" hits="828"/><line number="44" hits="0"/><line number="47" hits="822"/><line number="51" hits="313"/><line number="65" hits="313"/><line number="66" hits="313"/><line number="68" hits="88429"/><line number="69" hits="353716"/><line number="71" hits="50416"/><line number="72" hits="50416"/><line number="74" hits="29847"/><line number="75" hits="71018"/><line number="76" hits="5664"/><line number="77" hits="5664"/><line number="79" hits="29843"/><line number="83" hits="4011"/><line number="84" hits="8022"/><line number="85" hits="4011"/><line number="86" hits="8020"/><line number="87" hits="4010"/><line number="89" hits="1"/><line number="92" hits="4722"/><line number="93" hits="9444"/><line number="94" hits="4722"/><line number="95" hits="1"/><line number="97" hits="0"/><line number="98" hits="0"/><line number="99" hits="49145"/><line number="100" hits="0"/><line number="101" hits="0"/><line number="102" hits="4719"/><line number="103" hits="0"/><line number="104" hits="5"/><line number="105" hits="0"/><line number="106" hits="0"/><line number="108" hits="1"/><line number="111" hits="59550"/><line number="114" hits="1"/><line number="116" hits="1227"/><line number="117" hits="2454"/><line number="118" hits="2454"/><line number="119" hits="1561"/><line number="120" hits="334"/><line number="122" hits="2454"/><line number="123" hits="5011"/><line number="124" hits="1279"/><line number="125" hits="1279"/><line number="126" hits="1279"/><line number="128" hits="1226"/><line number="131" hits="1227"/><line number="132" hits="0"/><line number="134" hits="6135"/><line number="135" hits="3683"/><line number="137" hits="6047"/><line number="138" hits="12094"/><line number="139" hits="12094"/><line number="140" hits="0"/><line number="141" hits="3444"/><line number="142" hits="0"/><line number="143" hits="0"/><line number="144" hits="0"/><line number="145" hits="8"/><line number="146" hits="4"/><line number="148" hits="0"/><line number="149" hits="12036"/><line number="150" hits="0"/><line number="151" hits="1"/><line number="152" hits="8020"/><line number="153" hits="0"/><line number="154" hits="0"/><line number="155" hits="0"/><line number="156" hits="572"/><line number="157" hits="572"/><line number="159" hits="0"/><line number="160" hits="3428"/><line number="161" hits="0"/><line number="163" hits="1"/><line number="166" hits="0"/><line number="168" hits="0"/><line number="169" hits="1322"/><line number="170" hits="1322"/><line number="171" hits="1322"/><line number="172" hits="661"/><line number="173" hits="6"/><line number="174" hits="3"/><line number="176" hits="0"/><line number="177" hits="5172"/><line number="178" hits="0"/><line number="179" hits="0"/><line number="180" hits="0"/><line number="181" hits="1066"/><line number="182" hits="1066"/><line number="184" hits="0"/><line number="185" hits="656"/><line number="186" hits="0"/><line number="188" hits="1"/><line number="191" hits="0"/><line number="193" hits="1422"/><line number="194" hits="3354"/><line number="195" hits="5"/><line number="200" hits="2847"/><line number="201" hits="2847"/><line number="202" hits="2844"/><line number="205" hits="2"/><line number="209" hits="904"/><line number="210" hits="903"/><line number="211" hits="1"/><line number="213" hits="2095"/><line number="214" hits="157"/><line number="217" hits="616"/><line number="218" hits="308"/><line number="219" hits="308"/><line number="220" hits="309"/><line number="223" hits="1"/><line number="226" hits="153"/><line number="227" hits="305"/><line number="230" hits="1"/><line number="233" hits="0"/><line number="236" hits="463"/><line number="239" hits="0"/><line number="241" hits="2477"/><line number="242" hits="695"/><line number="243" hits="1"/><line number="245" hits="1094"/><line number="246" hits="9"/><line number="249" hits="24"/><line number="250" hits="12"/><line number="251" hits="12"/><line number="252" hits="13"/><line number="255" hits="1"/><line number="258" hits="5"/><line number="259" hits="9"/><line number="262" hits="1"/><line number="265" hits="0"/><line number="268" hits="14"/><line number="269" hits="5"/><line number="271" hits="11"/><line number="272" hits="20"/><line number="274" hits="3"/><line number="276" hits="0"/><line number="278" hits="1339"/><line number="279" hits="261"/><line number="281" hits="2119"/><line number="282" hits="4645"/><line number="284" hits="261"/><line number="286" hits="2"/><line number="288" hits="1206"/><line number="289" hits="392"/><line number="291" hits="1960"/><line number="292" hits="3920"/><line number="294" hits="392"/><line number="296" hits="1"/><line number="298" hits="838"/><line number="299" hits="418"/><line number="302" hits="830"/><line number="304" hits="416"/><line number="305" hits="828"/><line number="306" hits="0"/><line number="309" hits="834"/><line number="310" hits="829"/><line number="313" hits="0"/><line number="315" hits="2"/><line number="318" hits="3"/><line number="322" hits="939"/><line number="323" hits="939"/></lines></class><class name="latex" filename="crates/io/src/latex.rs" line-rate="0.9444444444444444" branch-rate="0" complexity="0"><methods/><lines><line number="7" hits="267"/><line number="8" hits="4974"/><line number="9" hits="4974"/><line number="10" hits="1219"/><line number="11" hits="410"/><line number="12" hits="984"/><line number="13" hits="2361"/><line number="16" hits="492"/><line number="17" hits="984"/><line number="19" hits="730"/><line number="21" hits="2190"/><line number="23" hits="409"/><line number="24" hits="818"/><line number="27" hits="3032"/><line number="28" hits="12128"/><line number="29" hits="9096"/><line number="30" hits="2997"/><line number="31" hits="548"/><line number="32" hits="2190"/><line number="33" hits="5"/><line number="34" hits="10"/><line number="35" hits="7"/><line number="36" hits="4"/><line number="37" hits="3"/><line number="38" hits="2"/><line number="39" hits="0"/><line number="41" hits="45"/><line number="42" hits="10"/><line number="44" hits="260"/><line number="45" hits="260"/><line number="47" hits="4790"/><line number="51" hits="818"/><line number="52" hits="409"/><line number="54" hits="1227"/><line number="55" hits="3272"/><line number="57" hits="3272"/><line number="58" hits="1635"/><line number="59" hits="2"/><line number="61" hits="817"/><line number="65" hits="818"/><line number="69" hits="984"/><line number="70" hits="984"/><line number="71" hits="1968"/><line number="73" hits="1968"/><line number="74" hits="2460"/><line number="75" hits="4"/><line number="77" hits="490"/><line number="79" hits="1968"/><line number="80" hits="984"/><line number="82" hits="0"/><line number="84" hits="6064"/><line number="85" hits="0"/><line number="87" hits="3032"/><line number="90" hits="801"/></lines></class><class name="sexpr" filename="crates/io/src/sexpr.rs" line-rate="0.9013157894736842" branch-rate="0" complexity="0"><methods/><lines><line number="13" hits="276"/><line number="14" hits="712"/><line number="15" hits="2925"/><line number="16" hits="1418"/><line number="18" hits="3"/><line number="22" hits="2824"/><line number="23" hits="11296"/><line number="24" hits="5648"/><line number="25" hits="2700"/><line number="26" hits="576"/><line number="27" hits="3515"/><line number="28" hits="9"/><line number="29" hits="78"/><line number="30" hits="36"/><line number="33" hits="3064"/><line number="37" hits="4719"/><line number="38" hits="786"/><line number="41" hits="1640"/><line number="42" hits="1640"/><line number="43" hits="820"/><line number="45" hits="0"/><line number="48" hits="828"/><line number="52" hits="305"/><line number="66" hits="305"/><line number="67" hits="305"/><line number="69" hits="39756"/><line number="70" hits="159024"/><line number="72" hits="19074"/><line number="73" hits="19074"/><line number="75" hits="10810"/><line number="76" hits="30365"/><line number="77" hits="4523"/><line number="78" hits="4523"/><line number="80" hits="10509"/><line number="84" hits="4784"/><line number="85" hits="9568"/><line number="86" hits="27107"/><line number="87" hits="8771"/><line number="88" hits="8771"/><line number="90" hits="4781"/><line number="93" hits="23920"/><line number="95" hits="7"/><line number="97" hits="14"/><line number="98" hits="14"/><line number="99" hits="110"/><line number="100" hits="0"/><line number="101" hits="0"/><line number="102" hits="0"/><line number="103" hits="3"/><line number="104" hits="0"/><line number="105" hits="0"/><line number="107" hits="1"/><line number="110" hits="4"/><line number="111" hits="144"/><line number="114" hits="2"/><line number="116" hits="10810"/><line number="117" hits="21620"/><line number="118" hits="21620"/><line number="119" hits="301"/><line number="120" hits="0"/><line number="121" hits="2862"/><line number="122" hits="0"/><line number="124" hits="0"/><line number="125" hits="5712"/><line number="126" hits="2856"/><line number="128" hits="17"/><line number="129" hits="10438"/><line number="130" hits="5224"/><line number="131" hits="1205"/><line number="132" hits="0"/><line number="134" hits="0"/><line number="135" hits="3580"/><line number="136" hits="26577"/><line number="137" hits="0"/><line number="141" hits="305"/><line number="142" hits="610"/><line number="143" hits="32129"/><line number="144" hits="0"/><line number="146" hits="301"/><line number="156" hits="301"/><line number="159" hits="16044"/><line number="160" hits="32088"/><line number="162" hits="10477"/><line number="163" hits="10477"/><line number="165" hits="3576"/><line number="166" hits="7152"/><line number="167" hits="3570"/><line number="168" hits="10710"/><line number="169" hits="7140"/><line number="170" hits="3570"/><line number="172" hits="3"/><line number="177" hits="3"/><line number="180" hits="1208"/><line number="181" hits="2416"/><line number="182" hits="1201"/><line number="187" hits="7"/><line number="190" hits="5700"/><line number="191" hits="17100"/><line number="193" hits="2858"/><line number="197" hits="5684"/><line number="198" hits="2842"/><line number="200" hits="0"/><line number="205" hits="2858"/><line number="206" hits="8574"/><line number="208" hits="5716"/><line number="209" hits="2842"/><line number="211" hits="807"/><line number="212" hits="3354"/><line number="213" hits="1880"/><line number="215" hits="801"/><line number="217" hits="2588"/><line number="218" hits="1182"/><line number="219" hits="3158"/><line number="220" hits="1580"/><line number="222" hits="1182"/><line number="224" hits="2194"/><line number="225" hits="1652"/><line number="226" hits="413"/><line number="229" hits="1781"/><line number="230" hits="2739"/><line number="233" hits="868"/><line number="234" hits="444"/><line number="235" hits="147"/><line number="238" hits="720"/><line number="239" hits="2124"/><line number="242" hits="12"/><line number="243" hits="30"/><line number="245" hits="48"/><line number="246" hits="20"/><line number="248" hits="36"/><line number="250" hits="2"/><line number="252" hits="0"/><line number="253" hits="2842"/><line number="256" hits="2867"/><line number="257" hits="5734"/><line number="258" hits="2858"/><line number="259" hits="1"/><line number="260" hits="2"/><line number="261" hits="2"/><line number="262" hits="2"/><line number="264" hits="1"/><line number="266" hits="3"/><line number="267" hits="2"/><line number="268" hits="2"/><line number="270" hits="1"/><line number="271" hits="3"/><line number="272" hits="2"/><line number="273" hits="2"/><line number="275" hits="6"/><line number="279" hits="1220"/><line number="281" hits="301"/><line number="283" hits="1"/></lines></class></classes></package><package name="crates/evalf/tests" line-rate="0" branch-rate="0" complexity="0"><classes></classes></package><package name="examples" line-rate="0" branch-rate="0" complexity="0"><classes></classes></package><package name="crates/solver/benches" line-rate="0" branch-rate="0" complexity="0"><classes></classes></package></packages></coverage>